#
# A fatal error has been detected by the Java Runtime Environment:
#
#  SIGSEGV (0xb) at pc=0x00007fa4ba85a50c, pid=14357, tid=140344278570752
#
# JRE version: 7.0_21-b02
# Java VM: OpenJDK 64-Bit Server VM (23.7-b01 mixed mode linux-amd64 compressed oops)
# Problematic frame:
# C  [libR.so+0x11950c]  R_gc+0xec
#
# Failed to write core dump. Core dumps have been disabled. To enable core dumping, try "ulimit -c unlimited" before starting Java again
#
# If you would like to submit a bug report, please include
# instructions on how to reproduce the bug and visit:
#   https://bugs.launchpad.net/ubuntu/+source/openjdk-7/
# The crash happened outside the Java Virtual Machine in native code.
# See problematic frame for where to report the bug.
#

---------------  T H R E A D  ---------------

Current thread (0x00007fa4ac03f800):  JavaThread "Thread-20" [_thread_in_native, id=14476, stack(0x00007fa472ced000,0x00007fa472dee000)]

siginfo:si_signo=SIGSEGV: si_errno=0, si_code=1 (SEGV_MAPERR), si_addr=0x0000000000000018

Registers:
RAX=0x0000000000000001, RBX=0x00007fa4e8012888, RCX=0x0000000000000000, RDX=0x0000000000000000
RSP=0x00007fa472dec180, RBP=0x0000000000000030, RSI=0x00007fa4babe9830, RDI=0x00007fa4e8000678
R8 =0x0000000000000001, R9 =0x00007fa4babe96f0, R10=0x000000000000004f, R11=0x00007fa4e8000078
R12=0x0000000000000028, R13=0x0000000000000028, R14=0x0000000000000001, R15=0x00007fa4e8012880
RIP=0x00007fa4ba85a50c, EFLAGS=0x0000000000010206, CSGSFS=0x0000000000000033, ERR=0x0000000000000004
  TRAPNO=0x000000000000000e

Top of Stack: (sp=0x00007fa472dec180)
0x00007fa472dec180:   00007fa472dec328 0000000000000001
0x00007fa472dec190:   00007fa472dec320 0000000000000001
0x00007fa472dec1a0:   0000000000000001 0000000000000010
0x00007fa472dec1b0:   0000000000000001 0000000000000001
0x00007fa472dec1c0:   00007fa4babe96f0 00007fa4ba85b5eb
0x00007fa472dec1d0:   0000000000000000 00007fa4fbfb7725
0x00007fa472dec1e0:   00007fa4babe9590 0000000000600000
0x00007fa472dec1f0:   00007fa4fb374e80 00007fa4ac03f9d8
0x00007fa472dec200:   00007fa472dec320 0000000000000000
0x00007fa472dec210:   00007fa4e8013060 00007fa472dec328
0x00007fa472dec220:   00007fa4ac03f800 00007fa4bace148d
0x00007fa472dec230:   00007fa4ac03f9d8 00000000bb5ecf70
0x00007fa472dec240:   0000000000000001 0000000000000000
0x00007fa472dec250:   00000000bb5ecf70 00007fa4bace02b0
0x00007fa472dec260:   00000000bb5ecf70 00007fa472dec328
0x00007fa472dec270:   00007fa472dec2f8 00000000bb5ecf70
0x00007fa472dec280:   00007fa472dec2f8 00007fa4f1012963
0x00007fa472dec290:   0000000000000025 0000000000000000
0x00007fa472dec2a0:   00007fa472dec318 0000000000000000
0x00007fa472dec2b0:   00000000fc457e08 00007fa472dec2a8
0x00007fa472dec2c0:   00000000bb5ecf70 00007fa472dec328
0x00007fa472dec2d0:   00000000bb5f24f0 0000000000000000
0x00007fa472dec2e0:   00000000bb5ecf70 0000000000000000
0x00007fa472dec2f0:   00007fa472dec318 00007fa472dec380
0x00007fa472dec300:   00007fa4f1006275 0000000000000000
0x00007fa472dec310:   00007fa4f100edd7 0000000000000001
0x00007fa472dec320:   00000000eec37958 00000000fc457e08
0x00007fa472dec330:   0000000000000000 00000000fc457e08
0x00007fa472dec340:   00007fa472dec330 00000000bb5f057d
0x00007fa472dec350:   00007fa472dec3e0 00000000bb5f24f0
0x00007fa472dec360:   0000000000000000 00000000bb5f0648
0x00007fa472dec370:   00007fa472dec318 00007fa472dec3d0 

Instructions: (pc=0x00007fa4ba85a50c)
0x00007fa4ba85a4ec:   48 01 c6 49 01 c1 48 8b 56 08 83 46 04 01 45 85
0x00007fa4ba85a4fc:   ed 4c 89 7e 08 49 8b 09 49 89 17 74 4f 44 89 f0
0x00007fa4ba85a50c:   4c 8b 41 18 31 d2 c1 e0 05 89 c7 66 0f 1f 84 00
0x00007fa4ba85a51c:   00 00 00 00 8b 05 1a f0 38 00 83 06 01 83 c2 01 

Register to memory mapping:

RAX=0x0000000000000001 is an unknown value
RBX=0x00007fa4e8012888 is an unknown value
RCX=0x0000000000000000 is an unknown value
RDX=0x0000000000000000 is an unknown value
RSP=0x00007fa472dec180 is pointing into the stack for thread: 0x00007fa4ac03f800
RBP=0x0000000000000030 is an unknown value
RSI=0x00007fa4babe9830: <offset 0x4a8830> in /usr/lib/libR.so at 0x00007fa4ba741000
RDI=0x00007fa4e8000678 is an unknown value
R8 =0x0000000000000001 is an unknown value
R9 =0x00007fa4babe96f0: <offset 0x4a86f0> in /usr/lib/libR.so at 0x00007fa4ba741000
R10=0x000000000000004f is an unknown value
R11=0x00007fa4e8000078 is an unknown value
R12=0x0000000000000028 is an unknown value
R13=0x0000000000000028 is an unknown value
R14=0x0000000000000001 is an unknown value
R15=0x00007fa4e8012880 is an unknown value


Stack: [0x00007fa472ced000,0x00007fa472dee000],  sp=0x00007fa472dec180,  free space=1020k
Native frames: (J=compiled Java code, j=interpreted, Vv=VM code, C=native code)
C  [libR.so+0x11950c]  R_gc+0xec

[error occurred during error reporting (printing native stack), id 0xb]

Java frames: (J=compiled Java code, j=interpreted, Vv=VM code)
j  org.rosuda.JRI.Rengine.rniParse(Ljava/lang/String;I)J+0
j  org.rosuda.JRI.Rengine.eval(Ljava/lang/String;Z)Lorg/rosuda/JRI/REXP;+53
j  org.rosuda.JRI.Rengine.eval(Ljava/lang/String;)Lorg/rosuda/JRI/REXP;+3
j  projets4.case1.basic.Arima.calculate([JI)[I+90
j  projets4.case1.prediction.ArimaBolt.emit(Ljava/util/Map;)V+120
j  projets4.case1.prediction.ArimaBolt.execute(Lbacktype/storm/tuple/Tuple;)V+23
j  backtype.storm.daemon.executor$fn__4050$tuple_action_fn__4052.invoke(Ljava/lang/Object;Ljava/lang/Object;)Ljava/lang/Object;+266
j  backtype.storm.daemon.executor$mk_task_receiver$fn__3976.invoke(Ljava/lang/Object;Ljava/lang/Object;Ljava/lang/Object;)Ljava/lang/Object;+445
j  backtype.storm.disruptor$clojure_handler$reify__1606.onEvent(Ljava/lang/Object;JZ)V+28
j  backtype.storm.utils.DisruptorQueue.consumeBatchToCursor(JLcom/lmax/disruptor/EventHandler;)V+125
j  backtype.storm.utils.DisruptorQueue.consumeBatchWhenAvailable(Lcom/lmax/disruptor/EventHandler;)V+39
j  backtype.storm.disruptor$consume_batch_when_available.invoke(Ljava/lang/Object;Ljava/lang/Object;)Ljava/lang/Object;+12
j  backtype.storm.daemon.executor$fn__4050$fn__4059$fn__4106.invoke()Ljava/lang/Object;+17
j  backtype.storm.util$async_loop$fn__465.invoke()Ljava/lang/Object;+39
j  clojure.lang.AFn.run()V+1
j  java.lang.Thread.run()V+11
v  ~StubRoutines::call_stub

---------------  P R O C E S S  ---------------

Java Threads: ( => current thread )
  0x00007fa4ac066000 JavaThread "Thread-36" [_thread_blocked, id=14492, stack(0x00007fa471cdd000,0x00007fa471dde000)]
  0x00007fa4ac064800 JavaThread "Thread-35" daemon [_thread_blocked, id=14491, stack(0x00007fa471dde000,0x00007fa471edf000)]
  0x00007fa4ac062800 JavaThread "Thread-34" [_thread_blocked, id=14490, stack(0x00007fa471edf000,0x00007fa471fe0000)]
  0x00007fa4ac060800 JavaThread "Thread-33" [_thread_blocked, id=14489, stack(0x00007fa471fe0000,0x00007fa4720e1000)]
  0x00007fa4ac05e800 JavaThread "Thread-32" [_thread_blocked, id=14488, stack(0x00007fa4720e1000,0x00007fa4721e2000)]
  0x00007fa4ac05d000 JavaThread "Thread-31" [_thread_blocked, id=14487, stack(0x00007fa4721e2000,0x00007fa4722e3000)]
  0x00007fa4ac05b000 JavaThread "Thread-30" [_thread_blocked, id=14486, stack(0x00007fa4722e3000,0x00007fa4723e4000)]
  0x00007fa4ac059800 JavaThread "Thread-29" [_thread_blocked, id=14485, stack(0x00007fa4723e4000,0x00007fa4724e5000)]
  0x00007fa4ac057800 JavaThread "Thread-28" [_thread_blocked, id=14484, stack(0x00007fa4724e5000,0x00007fa4725e6000)]
  0x00007fa4ac04c800 JavaThread "Thread-27" [_thread_blocked, id=14483, stack(0x00007fa4725e6000,0x00007fa4726e7000)]
  0x00007fa4ac04a000 JavaThread "Thread-26" [_thread_blocked, id=14482, stack(0x00007fa4726e7000,0x00007fa4727e8000)]
  0x00007fa4ac049000 JavaThread "Thread-25" [_thread_blocked, id=14481, stack(0x00007fa4727e8000,0x00007fa4728e9000)]
  0x00007fa4ac047000 JavaThread "Thread-24" [_thread_blocked, id=14480, stack(0x00007fa4728e9000,0x00007fa4729ea000)]
  0x00007fa4ac045000 JavaThread "Thread-23" [_thread_blocked, id=14479, stack(0x00007fa4729ea000,0x00007fa472aeb000)]
  0x00007fa4ac044000 JavaThread "Thread-22" [_thread_blocked, id=14478, stack(0x00007fa472aeb000,0x00007fa472bec000)]
  0x00007fa4ac041000 JavaThread "Thread-21" [_thread_blocked, id=14477, stack(0x00007fa472bec000,0x00007fa472ced000)]
=>0x00007fa4ac03f800 JavaThread "Thread-20" [_thread_in_native, id=14476, stack(0x00007fa472ced000,0x00007fa472dee000)]
  0x00007fa4ac03d000 JavaThread "Thread-19" [_thread_blocked, id=14475, stack(0x00007fa473bfc000,0x00007fa473cfd000)]
  0x00007fa4ac035000 JavaThread "Thread-18" daemon [_thread_blocked, id=14474, stack(0x00007fa472dee000,0x00007fa472eef000)]
  0x00007fa4ac033000 JavaThread "Thread-17" daemon [_thread_blocked, id=14473, stack(0x00007fa472eef000,0x00007fa472ff0000)]
  0x00007fa4ac031800 JavaThread "Thread-16" daemon [_thread_blocked, id=14472, stack(0x00007fa472ff0000,0x00007fa4730f1000)]
  0x00007fa4ac029800 JavaThread "Thread-15" daemon [_thread_blocked, id=14471, stack(0x00007fa4730f1000,0x00007fa4731f2000)]
  0x00007fa4ac028800 JavaThread "Thread-14" daemon [_thread_blocked, id=14470, stack(0x00007fa4731f2000,0x00007fa4732f3000)]
  0x00007fa4ac026800 JavaThread "CuratorFramework-11" [_thread_blocked, id=14469, stack(0x00007fa4732f3000,0x00007fa4733f4000)]
  0x00007fa4ac016000 JavaThread "ConnectionStateManager-0" [_thread_blocked, id=14468, stack(0x00007fa4734f5000,0x00007fa4735f6000)]
  0x00007fa4ac018000 JavaThread "Thread-13-EventThread" daemon [_thread_blocked, id=14467, stack(0x00007fa4735f6000,0x00007fa4736f7000)]
  0x00007fa4ac015000 JavaThread "Thread-13-SendThread(localhost:2000)" daemon [_thread_in_native, id=14466, stack(0x00007fa4733f4000,0x00007fa4734f5000)]
  0x00007fa4a4693800 JavaThread "Thread-13" [_thread_blocked, id=14461, stack(0x00007fa4736f7000,0x00007fa4737f8000)]
  0x00007fa4a4691000 JavaThread "Thread-12" [_thread_blocked, id=14460, stack(0x00007fa4b83d9000,0x00007fa4b84da000)]
  0x00007fa4a46ca000 JavaThread "CuratorFramework-9" [_thread_blocked, id=14459, stack(0x00007fa4737f8000,0x00007fa4738f9000)]
  0x00007fa4a4678000 JavaThread "ConnectionStateManager-0" [_thread_blocked, id=14458, stack(0x00007fa4739fa000,0x00007fa473afb000)]
  0x00007fa4a4676000 JavaThread "projets4.case1.Topology.main()-EventThread" daemon [_thread_blocked, id=14457, stack(0x00007fa473afb000,0x00007fa473bfc000)]
  0x00007fa4a46ba800 JavaThread "projets4.case1.Topology.main(localhost:2000)" daemon [_thread_in_native, id=14456, stack(0x00007fa4738f9000,0x00007fa4739fa000)]
  0x00007fa4a4670000 JavaThread "Thread-11" daemon [_thread_blocked, id=14451, stack(0x00007fa473cfd000,0x00007fa473dfe000)]
  0x00007fa4a466c800 JavaThread "Thread-10" [_thread_blocked, id=14450, stack(0x00007fa473dfe000,0x00007fa473eff000)]
  0x00007fa4a4679800 JavaThread "Thread-9" [_thread_blocked, id=14449, stack(0x00007fa4b88de000,0x00007fa4b89df000)]
  0x00007fa4a4616800 JavaThread "CuratorFramework-7" [_thread_blocked, id=14448, stack(0x00007fa4b80d6000,0x00007fa4b81d7000)]
  0x00007fa4a4619000 JavaThread "ConnectionStateManager-0" [_thread_blocked, id=14447, stack(0x00007fa473eff000,0x00007fa474000000)]
  0x00007fa4a4614800 JavaThread "projets4.case1.Topology.main()-EventThread" daemon [_thread_blocked, id=14446, stack(0x00007fa4b81d7000,0x00007fa4b82d8000)]
  0x00007fa4a4612800 JavaThread "projets4.case1.Topology.main(localhost:2000)" daemon [_thread_in_native, id=14445, stack(0x00007fa4b82d8000,0x00007fa4b83d9000)]
  0x00007fa4a4690000 JavaThread "Thread-8" daemon [_thread_blocked, id=14440, stack(0x00007fa4b91e7000,0x00007fa4b92e8000)]
  0x00007fa4a468e000 JavaThread "CuratorFramework-5" [_thread_blocked, id=14439, stack(0x00007fa4b84da000,0x00007fa4b85db000)]
  0x00007fa4a467f000 JavaThread "ConnectionStateManager-0" [_thread_blocked, id=14438, stack(0x00007fa4b85db000,0x00007fa4b86dc000)]
  0x00007fa4a467b000 JavaThread "projets4.case1.Topology.main()-EventThread" daemon [_thread_blocked, id=14437, stack(0x00007fa4b86dc000,0x00007fa4b87dd000)]
  0x00007fa4a467d000 JavaThread "projets4.case1.Topology.main(localhost:2000)" daemon [_thread_in_native, id=14436, stack(0x00007fa4b87dd000,0x00007fa4b88de000)]
  0x00007fa4a466b000 JavaThread "CuratorFramework-3" [_thread_blocked, id=14431, stack(0x00007fa4b89df000,0x00007fa4b8ae0000)]
  0x00007fa4a465c000 JavaThread "ConnectionStateManager-0" [_thread_blocked, id=14430, stack(0x00007fa4b8be1000,0x00007fa4b8ce2000)]
  0x00007fa4a4656800 JavaThread "projets4.case1.Topology.main()-EventThread" daemon [_thread_blocked, id=14429, stack(0x00007fa4b8ce2000,0x00007fa4b8de3000)]
  0x00007fa4a465a000 JavaThread "projets4.case1.Topology.main(localhost:2000)" daemon [_thread_in_native, id=14428, stack(0x00007fa4b8ae0000,0x00007fa4b8be1000)]
  0x00007fa4a4653000 JavaThread "CuratorFramework-1" [_thread_blocked, id=14423, stack(0x00007fa4b8de3000,0x00007fa4b8ee4000)]
  0x00007fa4a4605800 JavaThread "ConnectionStateManager-0" [_thread_blocked, id=14422, stack(0x00007fa4b8fe5000,0x00007fa4b90e6000)]
  0x00007fa4a462b800 JavaThread "projets4.case1.Topology.main()-EventThread" daemon [_thread_blocked, id=14421, stack(0x00007fa4b90e6000,0x00007fa4b91e7000)]
  0x00007fa4a4606800 JavaThread "projets4.case1.Topology.main(localhost:2000)" daemon [_thread_in_native, id=14420, stack(0x00007fa4b8ee4000,0x00007fa4b8fe5000)]
  0x00007fa4a4638000 JavaThread "Thread-7" daemon [_thread_blocked, id=14415, stack(0x00007fa4b92e8000,0x00007fa4b93e9000)]
  0x00007fa4a45f4800 JavaThread "Thread-6" daemon [_thread_blocked, id=14414, stack(0x00007fa4b93e9000,0x00007fa4b94ea000)]
  0x00007fa4a462f000 JavaThread "Thread-5" daemon [_thread_blocked, id=14413, stack(0x00007fa4b94ea000,0x00007fa4b95eb000)]
  0x00007fa4a45a7800 JavaThread "ProcessThread:-1" [_thread_blocked, id=14412, stack(0x00007fa4b97f4000,0x00007fa4b98f5000)]
  0x00007fa4a4583800 JavaThread "SyncThread:0" [_thread_blocked, id=14411, stack(0x00007fa4b98f5000,0x00007fa4b99f6000)]
  0x00007fa4a459b000 JavaThread "SessionTracker" [_thread_blocked, id=14410, stack(0x00007fa4bb17f000,0x00007fa4bb280000)]
  0x00007fa4a4599800 JavaThread "NIOServerCxn.Factory:0.0.0.0/0.0.0.0:2000" daemon [_thread_in_native, id=14409, stack(0x00007fa4bb07e000,0x00007fa4bb17f000)]
  0x00007fa4f48a9800 JavaThread "projets4.case1.Topology.main()" [_thread_blocked, id=14407, stack(0x00007fa4baf7d000,0x00007fa4bb07e000)]
  0x00007fa4f47a6800 JavaThread "process reaper" daemon [_thread_blocked, id=14389, stack(0x00007fa4e016b000,0x00007fa4e0193000)]
  0x00007fa4f410f800 JavaThread "Service Thread" daemon [_thread_blocked, id=14386, stack(0x00007fa4e0c97000,0x00007fa4e0d98000)]
  0x00007fa4f410d800 JavaThread "C2 CompilerThread1" daemon [_thread_blocked, id=14385, stack(0x00007fa4e0d98000,0x00007fa4e0e99000)]
  0x00007fa4f410a800 JavaThread "C2 CompilerThread0" daemon [_thread_blocked, id=14384, stack(0x00007fa4e0e99000,0x00007fa4e0f9a000)]
  0x00007fa4f4108000 JavaThread "Signal Dispatcher" daemon [_thread_blocked, id=14383, stack(0x00007fa4e0f9a000,0x00007fa4e109b000)]
  0x00007fa4f40b2000 JavaThread "Finalizer" daemon [_thread_blocked, id=14382, stack(0x00007fa4e1508000,0x00007fa4e1609000)]
  0x00007fa4f40af800 JavaThread "Reference Handler" daemon [_thread_blocked, id=14381, stack(0x00007fa4e1609000,0x00007fa4e170a000)]
  0x00007fa4f4009000 JavaThread "main" [_thread_blocked, id=14375, stack(0x00007fa4fc0a3000,0x00007fa4fc1a4000)]

Other Threads:
  0x00007fa4f40a7800 VMThread [stack: 0x00007fa4e170a000,0x00007fa4e180b000] [id=14380]
  0x00007fa4f411a800 WatcherThread [stack: 0x00007fa4e0b96000,0x00007fa4e0c97000] [id=14387]

VM state:not at safepoint (normal execution)

VM Mutex/Monitor currently owned by a thread: None

Heap
 PSYoungGen      total 253632K, used 65385K [0x00000000ec2b0000, 0x00000000fd590000, 0x0000000100000000)
  eden space 234048K, 20% used [0x00000000ec2b0000,0x00000000ef1496a8,0x00000000fa740000)
  from space 19584K, 90% used [0x00000000fbd10000,0x00000000fce50f48,0x00000000fd030000)
  to   space 22336K, 0% used [0x00000000fa740000,0x00000000fa740000,0x00000000fbd10000)
 ParOldGen       total 40640K, used 26750K [0x00000000c4800000, 0x00000000c6fb0000, 0x00000000ec2b0000)
  object space 40640K, 65% used [0x00000000c4800000,0x00000000c621fa70,0x00000000c6fb0000)
 PSPermGen       total 40832K, used 40810K [0x00000000ba200000, 0x00000000bc9e0000, 0x00000000c4800000)
  object space 40832K, 99% used [0x00000000ba200000,0x00000000bc9da8b8,0x00000000bc9e0000)

Card table byte_map: [0x00007fa4f8bf4000,0x00007fa4f8e24000] byte_map_base: 0x00007fa4f8623000

Polling page: 0x00007fa4fc1c1000

Code Cache  [0x00007fa4f1000000, 0x00007fa4f1290000, 0x00007fa4f4000000)
 total_blobs=1167 nmethods=801 adapters=317 free_code_cache=46660Kb largest_free_block=47649728

Compilation events (10 events):
Event: 13.532 Thread 0x00007fa4f410d800  883             java.util.concurrent.locks.AbstractQueuedSynchronizer$ConditionObject::await (203 bytes)
Event: 13.555 Thread 0x00007fa4f410d800 nmethod 883 0x00007fa4f10dca50 code [0x00007fa4f10dcc80, 0x00007fa4f10dd728]
Event: 13.624 Thread 0x00007fa4f410a800  884             com.lmax.disruptor.ProcessingSequenceBarrier::checkAlert (12 bytes)
Event: 13.625 Thread 0x00007fa4f410a800 nmethod 884 0x00007fa4f1207dd0 code [0x00007fa4f1207f00, 0x00007fa4f1207f78]
Event: 14.273 Thread 0x00007fa4f410d800  885             sun.reflect.ClassFileAssembler::cpi (22 bytes)
Event: 14.274 Thread 0x00007fa4f410d800 nmethod 885 0x00007fa4f1077790 code [0x00007fa4f10778c0, 0x00007fa4f1077938]
Event: 14.276 Thread 0x00007fa4f410a800  886             java.lang.Class::searchMethods (90 bytes)
Event: 14.289 Thread 0x00007fa4f410a800 nmethod 886 0x00007fa4f1076bd0 code [0x00007fa4f1076d80, 0x00007fa4f10772d8]
Event: 14.332 Thread 0x00007fa4f410d800  887             clojure.lang.Numbers::ops (97 bytes)
Event: 14.333 Thread 0x00007fa4f410d800 nmethod 887 0x00007fa4f1076910 code [0x00007fa4f1076a60, 0x00007fa4f1076b18]

GC Heap History (10 events):
Event: 2.085 GC heap before
{Heap before GC invocations=4 (full 0):
 PSYoungGen      total 33088K, used 33072K [0x00000000ec2b0000, 0x00000000f0350000, 0x0000000100000000)
  eden space 30592K, 100% used [0x00000000ec2b0000,0x00000000ee090000,0x00000000ee090000)
  from space 2496K, 99% used [0x00000000ee090000,0x00000000ee2fc010,0x00000000ee300000)
  to   space 2496K, 0% used [0x00000000f00e0000,0x00000000f00e0000,0x00000000f0350000)
 ParOldGen       total 40640K, used 2865K [0x00000000c4800000, 0x00000000c6fb0000, 0x00000000ec2b0000)
  object space 40640K, 7% used [0x00000000c4800000,0x00000000c4acc6a0,0x00000000c6fb0000)
 PSPermGen       total 21248K, used 13959K [0x00000000ba200000, 0x00000000bb6c0000, 0x00000000c4800000)
  object space 21248K, 65% used [0x00000000ba200000,0x00000000bafa1e38,0x00000000bb6c0000)
Event: 2.093 GC heap after
Heap after GC invocations=4 (full 0):
 PSYoungGen      total 63680K, used 2464K [0x00000000ec2b0000, 0x00000000f0350000, 0x0000000100000000)
  eden space 61184K, 0% used [0x00000000ec2b0000,0x00000000ec2b0000,0x00000000efe70000)
  from space 2496K, 98% used [0x00000000f00e0000,0x00000000f0348020,0x00000000f0350000)
  to   space 2496K, 0% used [0x00000000efe70000,0x00000000efe70000,0x00000000f00e0000)
 ParOldGen       total 40640K, used 5687K [0x00000000c4800000, 0x00000000c6fb0000, 0x00000000ec2b0000)
  object space 40640K, 13% used [0x00000000c4800000,0x00000000c4d8df40,0x00000000c6fb0000)
 PSPermGen       total 21248K, used 13959K [0x00000000ba200000, 0x00000000bb6c0000, 0x00000000c4800000)
  object space 21248K, 65% used [0x00000000ba200000,0x00000000bafa1e38,0x00000000bb6c0000)
}
Event: 2.847 GC heap before
{Heap before GC invocations=5 (full 0):
 PSYoungGen      total 63680K, used 63648K [0x00000000ec2b0000, 0x00000000f0350000, 0x0000000100000000)
  eden space 61184K, 100% used [0x00000000ec2b0000,0x00000000efe70000,0x00000000efe70000)
  from space 2496K, 98% used [0x00000000f00e0000,0x00000000f0348020,0x00000000f0350000)
  to   space 2496K, 0% used [0x00000000efe70000,0x00000000efe70000,0x00000000f00e0000)
 ParOldGen       total 40640K, used 5687K [0x00000000c4800000, 0x00000000c6fb0000, 0x00000000ec2b0000)
  object space 40640K, 13% used [0x00000000c4800000,0x00000000c4d8df40,0x00000000c6fb0000)
 PSPermGen       total 21248K, used 14602K [0x00000000ba200000, 0x00000000bb6c0000, 0x00000000c4800000)
  object space 21248K, 68% used [0x00000000ba200000,0x00000000bb042900,0x00000000bb6c0000)
Event: 2.856 GC heap after
Heap after GC invocations=5 (full 0):
 PSYoungGen      total 63680K, used 2496K [0x00000000ec2b0000, 0x00000000f4970000, 0x0000000100000000)
  eden space 61184K, 0% used [0x00000000ec2b0000,0x00000000ec2b0000,0x00000000efe70000)
  from space 2496K, 100% used [0x00000000efe70000,0x00000000f00e0000,0x00000000f00e0000)
  to   space 7808K, 0% used [0x00000000f41d0000,0x00000000f41d0000,0x00000000f4970000)
 ParOldGen       total 40640K, used 10016K [0x00000000c4800000, 0x00000000c6fb0000, 0x00000000ec2b0000)
  object space 40640K, 24% used [0x00000000c4800000,0x00000000c51c83f0,0x00000000c6fb0000)
 PSPermGen       total 21248K, used 14602K [0x00000000ba200000, 0x00000000bb6c0000, 0x00000000c4800000)
  object space 21248K, 68% used [0x00000000ba200000,0x00000000bb042900,0x00000000bb6c0000)
}
Event: 3.763 GC heap before
{Heap before GC invocations=6 (full 0):
 PSYoungGen      total 63680K, used 63680K [0x00000000ec2b0000, 0x00000000f4970000, 0x0000000100000000)
  eden space 61184K, 100% used [0x00000000ec2b0000,0x00000000efe70000,0x00000000efe70000)
  from space 2496K, 100% used [0x00000000efe70000,0x00000000f00e0000,0x00000000f00e0000)
  to   space 7808K, 0% used [0x00000000f41d0000,0x00000000f41d0000,0x00000000f4970000)
 ParOldGen       total 40640K, used 10016K [0x00000000c4800000, 0x00000000c6fb0000, 0x00000000ec2b0000)
  object space 40640K, 24% used [0x00000000c4800000,0x00000000c51c83f0,0x00000000c6fb0000)
 PSPermGen       total 21248K, used 18865K [0x00000000ba200000, 0x00000000bb6c0000, 0x00000000c4800000)
  object space 21248K, 88% used [0x00000000ba200000,0x00000000bb46c598,0x00000000bb6c0000)
Event: 3.778 GC heap after
Heap after GC invocations=6 (full 0):
 PSYoungGen      total 126208K, used 7799K [0x00000000ec2b0000, 0x00000000f5130000, 0x0000000100000000)
  eden space 118400K, 0% used [0x00000000ec2b0000,0x00000000ec2b0000,0x00000000f3650000)
  from space 7808K, 99% used [0x00000000f41d0000,0x00000000f496dd78,0x00000000f4970000)
  to   space 11776K, 0% used [0x00000000f3650000,0x00000000f3650000,0x00000000f41d0000)
 ParOldGen       total 40640K, used 14596K [0x00000000c4800000, 0x00000000c6fb0000, 0x00000000ec2b0000)
  object space 40640K, 35% used [0x00000000c4800000,0x00000000c5641178,0x00000000c6fb0000)
 PSPermGen       total 21248K, used 18865K [0x00000000ba200000, 0x00000000bb6c0000, 0x00000000c4800000)
  object space 21248K, 88% used [0x00000000ba200000,0x00000000bb46c598,0x00000000bb6c0000)
}
Event: 7.094 GC heap before
{Heap before GC invocations=7 (full 0):
 PSYoungGen      total 126208K, used 126199K [0x00000000ec2b0000, 0x00000000f5130000, 0x0000000100000000)
  eden space 118400K, 100% used [0x00000000ec2b0000,0x00000000f3650000,0x00000000f3650000)
  from space 7808K, 99% used [0x00000000f41d0000,0x00000000f496dd78,0x00000000f4970000)
  to   space 11776K, 0% used [0x00000000f3650000,0x00000000f3650000,0x00000000f41d0000)
 ParOldGen       total 40640K, used 14596K [0x00000000c4800000, 0x00000000c6fb0000, 0x00000000ec2b0000)
  object space 40640K, 35% used [0x00000000c4800000,0x00000000c5641178,0x00000000c6fb0000)
 PSPermGen       total 32192K, used 32018K [0x00000000ba200000, 0x00000000bc170000, 0x00000000c4800000)
  object space 32192K, 99% used [0x00000000ba200000,0x00000000bc144b70,0x00000000bc170000)
Event: 7.121 GC heap after
Heap after GC invocations=7 (full 0):
 PSYoungGen      total 130176K, used 11749K [0x00000000ec2b0000, 0x00000000fd030000, 0x0000000100000000)
  eden space 118400K, 0% used [0x00000000ec2b0000,0x00000000ec2b0000,0x00000000f3650000)
  from space 11776K, 99% used [0x00000000f3650000,0x00000000f41c9668,0x00000000f41d0000)
  to   space 19584K, 0% used [0x00000000fbd10000,0x00000000fbd10000,0x00000000fd030000)
 ParOldGen       total 40640K, used 25804K [0x00000000c4800000, 0x00000000c6fb0000, 0x00000000ec2b0000)
  object space 40640K, 63% used [0x00000000c4800000,0x00000000c6133240,0x00000000c6fb0000)
 PSPermGen       total 32192K, used 32018K [0x00000000ba200000, 0x00000000bc170000, 0x00000000c4800000)
  object space 32192K, 99% used [0x00000000ba200000,0x00000000bc144b70,0x00000000bc170000)
}
Event: 9.436 GC heap before
{Heap before GC invocations=8 (full 0):
 PSYoungGen      total 130176K, used 130149K [0x00000000ec2b0000, 0x00000000fd030000, 0x0000000100000000)
  eden space 118400K, 100% used [0x00000000ec2b0000,0x00000000f3650000,0x00000000f3650000)
  from space 11776K, 99% used [0x00000000f3650000,0x00000000f41c9668,0x00000000f41d0000)
  to   space 19584K, 0% used [0x00000000fbd10000,0x00000000fbd10000,0x00000000fd030000)
 ParOldGen       total 40640K, used 25804K [0x00000000c4800000, 0x00000000c6fb0000, 0x00000000ec2b0000)
  object space 40640K, 63% used [0x00000000c4800000,0x00000000c6133240,0x00000000c6fb0000)
 PSPermGen       total 39680K, used 39572K [0x00000000ba200000, 0x00000000bc8c0000, 0x00000000c4800000)
  object space 39680K, 99% used [0x00000000ba200000,0x00000000bc8a5140,0x00000000bc8c0000)
Event: 9.465 GC heap after
Heap after GC invocations=8 (full 0):
 PSYoungGen      total 253632K, used 17667K [0x00000000ec2b0000, 0x00000000fd590000, 0x0000000100000000)
  eden space 234048K, 0% used [0x00000000ec2b0000,0x00000000ec2b0000,0x00000000fa740000)
  from space 19584K, 90% used [0x00000000fbd10000,0x00000000fce50f48,0x00000000fd030000)
  to   space 22336K, 0% used [0x00000000fa740000,0x00000000fa740000,0x00000000fbd10000)
 ParOldGen       total 40640K, used 26750K [0x00000000c4800000, 0x00000000c6fb0000, 0x00000000ec2b0000)
  object space 40640K, 65% used [0x00000000c4800000,0x00000000c621fa70,0x00000000c6fb0000)
 PSPermGen       total 39680K, used 39572K [0x00000000ba200000, 0x00000000bc8c0000, 0x00000000c4800000)
  object space 39680K, 99% used [0x00000000ba200000,0x00000000bc8a5140,0x00000000bc8c0000)
}

Deoptimization events (10 events):
Event: 9.635 Thread 0x00007fa4a4693800 Uncommon trap -34 fr.pc 0x00007fa4f10fa7d0
Event: 9.639 Thread 0x00007fa4a4693800 Uncommon trap -34 fr.pc 0x00007fa4f10fa7d0
Event: 9.646 Thread 0x00007fa4a4693800 Uncommon trap -34 fr.pc 0x00007fa4f10fa7d0
Event: 9.666 Thread 0x00007fa4a4693800 Uncommon trap -83 fr.pc 0x00007fa4f117750c
Event: 10.432 Thread 0x00007fa4ac033000 Uncommon trap -58 fr.pc 0x00007fa4f10dc794
Event: 10.432 Thread 0x00007fa4ac033000 Uncommon trap -58 fr.pc 0x00007fa4f10dc794
Event: 10.432 Thread 0x00007fa4ac033000 Uncommon trap -58 fr.pc 0x00007fa4f10dc794
Event: 10.432 Thread 0x00007fa4ac033000 Uncommon trap -58 fr.pc 0x00007fa4f10dc794
Event: 10.432 Thread 0x00007fa4ac033000 Uncommon trap -58 fr.pc 0x00007fa4f11c5140
Event: 12.287 Thread 0x00007fa4a4693800 Uncommon trap -34 fr.pc 0x00007fa4f11ffcec

Internal exceptions (10 events):
Event: 12.704 Thread 0x00007fa4ac057800 Threw 0x00000000ed4d4af0 at /build/buildd/openjdk-7-7u21-2.3.9/build/openjdk/hotspot/src/share/vm/prims/jvm.cpp:1166
Event: 12.704 Thread 0x00007fa4ac057800 Threw 0x00000000ed4d50e8 at /build/buildd/openjdk-7-7u21-2.3.9/build/openjdk/hotspot/src/share/vm/prims/jvm.cpp:1166
Event: 12.706 Thread 0x00007fa4ac057800 Threw 0x00000000ed4db148 at /build/buildd/openjdk-7-7u21-2.3.9/build/openjdk/hotspot/src/share/vm/prims/jvm.cpp:1166
Event: 12.706 Thread 0x00007fa4ac057800 Threw 0x00000000ed4db798 at /build/buildd/openjdk-7-7u21-2.3.9/build/openjdk/hotspot/src/share/vm/prims/jvm.cpp:1166
Event: 12.708 Thread 0x00007fa4ac057800 Threw 0x00000000ed4e0f68 at /build/buildd/openjdk-7-7u21-2.3.9/build/openjdk/hotspot/src/share/vm/prims/jvm.cpp:1166
Event: 12.708 Thread 0x00007fa4ac057800 Threw 0x00000000ed4e1478 at /build/buildd/openjdk-7-7u21-2.3.9/build/openjdk/hotspot/src/share/vm/prims/jvm.cpp:1166
Event: 12.709 Thread 0x00007fa4ac057800 Threw 0x00000000ed4e5c58 at /build/buildd/openjdk-7-7u21-2.3.9/build/openjdk/hotspot/src/share/vm/prims/jvm.cpp:1166
Event: 12.709 Thread 0x00007fa4ac057800 Threw 0x00000000ed4e6168 at /build/buildd/openjdk-7-7u21-2.3.9/build/openjdk/hotspot/src/share/vm/prims/jvm.cpp:1166
Event: 14.274 Thread 0x00007fa4a4670000 Threw 0x00000000edac1288 at /build/buildd/openjdk-7-7u21-2.3.9/build/openjdk/hotspot/src/share/vm/prims/jni.cpp:1631
Event: 14.276 Thread 0x00007fa4a4670000 Threw 0x00000000edacb408 at /build/buildd/openjdk-7-7u21-2.3.9/build/openjdk/hotspot/src/share/vm/prims/jni.cpp:1631

Events (10 events):
Event: 12.704 loading class 0x00007fa474007d80
Event: 12.704 loading class 0x00007fa474007d80 done
Event: 12.706 loading class 0x00007fa47400a050
Event: 12.706 loading class 0x00007fa47400a050 done
Event: 12.708 loading class 0x00007fa4a4519d40
Event: 12.708 loading class 0x00007fa4a4519d40 done
Event: 12.709 loading class 0x00007fa4a44fabd0
Event: 12.709 loading class 0x00007fa4a44fabd0 done
Event: 14.433 Executing VM operation: RevokeBias
Event: 14.434 Executing VM operation: RevokeBias done


Dynamic libraries:
00400000-00401000 r-xp 00000000 08:17 801249                             /usr/lib/jvm/java-7-openjdk-amd64/jre/bin/java
00600000-00601000 r--p 00000000 08:17 801249                             /usr/lib/jvm/java-7-openjdk-amd64/jre/bin/java
00601000-00602000 rw-p 00001000 08:17 801249                             /usr/lib/jvm/java-7-openjdk-amd64/jre/bin/java
00a58000-00a79000 rw-p 00000000 00:00 0                                  [heap]
ba200000-bc9e0000 rw-p 00000000 00:00 0 
bc9e0000-c4800000 rw-p 00000000 00:00 0 
c4800000-c6fb0000 rw-p 00000000 00:00 0 
c6fb0000-ec2b0000 rw-p 00000000 00:00 0 
ec2b0000-fd590000 rw-p 00000000 00:00 0 
fd590000-100000000 rw-p 00000000 00:00 0 
7fa46c000000-7fa46c021000 rw-p 00000000 00:00 0 
7fa46c021000-7fa470000000 ---p 00000000 00:00 0 
7fa471cdd000-7fa471ce0000 ---p 00000000 00:00 0 
7fa471ce0000-7fa471dde000 rw-p 00000000 00:00 0                          [stack:14492]
7fa471dde000-7fa471de1000 ---p 00000000 00:00 0 
7fa471de1000-7fa471edf000 rw-p 00000000 00:00 0                          [stack:14491]
7fa471edf000-7fa471ee2000 ---p 00000000 00:00 0 
7fa471ee2000-7fa471fe0000 rw-p 00000000 00:00 0                          [stack:14490]
7fa471fe0000-7fa471fe3000 ---p 00000000 00:00 0 
7fa471fe3000-7fa4720e1000 rw-p 00000000 00:00 0                          [stack:14489]
7fa4720e1000-7fa4720e4000 ---p 00000000 00:00 0 
7fa4720e4000-7fa4721e2000 rw-p 00000000 00:00 0                          [stack:14488]
7fa4721e2000-7fa4721e5000 ---p 00000000 00:00 0 
7fa4721e5000-7fa4722e3000 rw-p 00000000 00:00 0                          [stack:14487]
7fa4722e3000-7fa4722e6000 ---p 00000000 00:00 0 
7fa4722e6000-7fa4723e4000 rw-p 00000000 00:00 0                          [stack:14486]
7fa4723e4000-7fa4723e7000 ---p 00000000 00:00 0 
7fa4723e7000-7fa4724e5000 rw-p 00000000 00:00 0                          [stack:14485]
7fa4724e5000-7fa4724e8000 ---p 00000000 00:00 0 
7fa4724e8000-7fa4725e6000 rw-p 00000000 00:00 0                          [stack:14484]
7fa4725e6000-7fa4725e9000 ---p 00000000 00:00 0 
7fa4725e9000-7fa4726e7000 rw-p 00000000 00:00 0                          [stack:14483]
7fa4726e7000-7fa4726ea000 ---p 00000000 00:00 0 
7fa4726ea000-7fa4727e8000 rw-p 00000000 00:00 0                          [stack:14482]
7fa4727e8000-7fa4727eb000 ---p 00000000 00:00 0 
7fa4727eb000-7fa4728e9000 rw-p 00000000 00:00 0                          [stack:14481]
7fa4728e9000-7fa4728ec000 ---p 00000000 00:00 0 
7fa4728ec000-7fa4729ea000 rw-p 00000000 00:00 0                          [stack:14480]
7fa4729ea000-7fa4729ed000 ---p 00000000 00:00 0 
7fa4729ed000-7fa472aeb000 rw-p 00000000 00:00 0                          [stack:14479]
7fa472aeb000-7fa472aee000 ---p 00000000 00:00 0 
7fa472aee000-7fa472bec000 rw-p 00000000 00:00 0                          [stack:14478]
7fa472bec000-7fa472bef000 ---p 00000000 00:00 0 
7fa472bef000-7fa472ced000 rw-p 00000000 00:00 0                          [stack:14477]
7fa472ced000-7fa472cf0000 ---p 00000000 00:00 0 
7fa472cf0000-7fa472dee000 rw-p 00000000 00:00 0                          [stack:14476]
7fa472dee000-7fa472df1000 ---p 00000000 00:00 0 
7fa472df1000-7fa472eef000 rw-p 00000000 00:00 0                          [stack:14474]
7fa472eef000-7fa472ef2000 ---p 00000000 00:00 0 
7fa472ef2000-7fa472ff0000 rw-p 00000000 00:00 0                          [stack:14473]
7fa472ff0000-7fa472ff3000 ---p 00000000 00:00 0 
7fa472ff3000-7fa4730f1000 rw-p 00000000 00:00 0                          [stack:14472]
7fa4730f1000-7fa4730f4000 ---p 00000000 00:00 0 
7fa4730f4000-7fa4731f2000 rw-p 00000000 00:00 0                          [stack:14471]
7fa4731f2000-7fa4731f5000 ---p 00000000 00:00 0 
7fa4731f5000-7fa4732f3000 rw-p 00000000 00:00 0                          [stack:14470]
7fa4732f3000-7fa4732f6000 ---p 00000000 00:00 0 
7fa4732f6000-7fa4733f4000 rw-p 00000000 00:00 0                          [stack:14469]
7fa4733f4000-7fa4733f7000 ---p 00000000 00:00 0 
7fa4733f7000-7fa4734f5000 rw-p 00000000 00:00 0                          [stack:14466]
7fa4734f5000-7fa4734f8000 ---p 00000000 00:00 0 
7fa4734f8000-7fa4735f6000 rw-p 00000000 00:00 0                          [stack:14468]
7fa4735f6000-7fa4735f9000 ---p 00000000 00:00 0 
7fa4735f9000-7fa4736f7000 rw-p 00000000 00:00 0                          [stack:14467]
7fa4736f7000-7fa4736fa000 ---p 00000000 00:00 0 
7fa4736fa000-7fa4737f8000 rw-p 00000000 00:00 0                          [stack:14461]
7fa4737f8000-7fa4737fb000 ---p 00000000 00:00 0 
7fa4737fb000-7fa4738f9000 rw-p 00000000 00:00 0                          [stack:14459]
7fa4738f9000-7fa4738fc000 ---p 00000000 00:00 0 
7fa4738fc000-7fa4739fa000 rw-p 00000000 00:00 0                          [stack:14456]
7fa4739fa000-7fa4739fd000 ---p 00000000 00:00 0 
7fa4739fd000-7fa473afb000 rw-p 00000000 00:00 0                          [stack:14458]
7fa473afb000-7fa473afe000 ---p 00000000 00:00 0 
7fa473afe000-7fa473bfc000 rw-p 00000000 00:00 0                          [stack:14457]
7fa473bfc000-7fa473bff000 ---p 00000000 00:00 0 
7fa473bff000-7fa473cfd000 rw-p 00000000 00:00 0                          [stack:14475]
7fa473cfd000-7fa473d00000 ---p 00000000 00:00 0 
7fa473d00000-7fa473dfe000 rw-p 00000000 00:00 0                          [stack:14451]
7fa473dfe000-7fa473e01000 ---p 00000000 00:00 0 
7fa473e01000-7fa473eff000 rw-p 00000000 00:00 0                          [stack:14450]
7fa473eff000-7fa473f02000 ---p 00000000 00:00 0 
7fa473f02000-7fa474000000 rw-p 00000000 00:00 0                          [stack:14447]
7fa474000000-7fa474021000 rw-p 00000000 00:00 0 
7fa474021000-7fa478000000 ---p 00000000 00:00 0 
7fa478000000-7fa478021000 rw-p 00000000 00:00 0 
7fa478021000-7fa47c000000 ---p 00000000 00:00 0 
7fa47c000000-7fa47c021000 rw-p 00000000 00:00 0 
7fa47c021000-7fa480000000 ---p 00000000 00:00 0 
7fa480000000-7fa480021000 rw-p 00000000 00:00 0 
7fa480021000-7fa484000000 ---p 00000000 00:00 0 
7fa484000000-7fa484021000 rw-p 00000000 00:00 0 
7fa484021000-7fa488000000 ---p 00000000 00:00 0 
7fa488000000-7fa488021000 rw-p 00000000 00:00 0 
7fa488021000-7fa48c000000 ---p 00000000 00:00 0 
7fa48c000000-7fa48c021000 rw-p 00000000 00:00 0 
7fa48c021000-7fa490000000 ---p 00000000 00:00 0 
7fa490000000-7fa490021000 rw-p 00000000 00:00 0 
7fa490021000-7fa494000000 ---p 00000000 00:00 0 
7fa494000000-7fa494021000 rw-p 00000000 00:00 0 
7fa494021000-7fa498000000 ---p 00000000 00:00 0 
7fa498000000-7fa498021000 rw-p 00000000 00:00 0 
7fa498021000-7fa49c000000 ---p 00000000 00:00 0 
7fa49c000000-7fa49c021000 rw-p 00000000 00:00 0 
7fa49c021000-7fa4a0000000 ---p 00000000 00:00 0 
7fa4a0000000-7fa4a0021000 rw-p 00000000 00:00 0 
7fa4a0021000-7fa4a4000000 ---p 00000000 00:00 0 
7fa4a4000000-7fa4a4fce000 rw-p 00000000 00:00 0 
7fa4a4fce000-7fa4a8000000 ---p 00000000 00:00 0 
7fa4a8000000-7fa4a8021000 rw-p 00000000 00:00 0 
7fa4a8021000-7fa4ac000000 ---p 00000000 00:00 0 
7fa4ac000000-7fa4ac0b7000 rw-p 00000000 00:00 0 
7fa4ac0b7000-7fa4b0000000 ---p 00000000 00:00 0 
7fa4b0000000-7fa4b0021000 rw-p 00000000 00:00 0 
7fa4b0021000-7fa4b4000000 ---p 00000000 00:00 0 
7fa4b4000000-7fa4b4021000 rw-p 00000000 00:00 0 
7fa4b4021000-7fa4b8000000 ---p 00000000 00:00 0 
7fa4b80d6000-7fa4b80d9000 ---p 00000000 00:00 0 
7fa4b80d9000-7fa4b81d7000 rw-p 00000000 00:00 0                          [stack:14448]
7fa4b81d7000-7fa4b81da000 ---p 00000000 00:00 0 
7fa4b81da000-7fa4b82d8000 rw-p 00000000 00:00 0                          [stack:14446]
7fa4b82d8000-7fa4b82db000 ---p 00000000 00:00 0 
7fa4b82db000-7fa4b83d9000 rw-p 00000000 00:00 0                          [stack:14445]
7fa4b83d9000-7fa4b83dc000 ---p 00000000 00:00 0 
7fa4b83dc000-7fa4b84da000 rw-p 00000000 00:00 0                          [stack:14460]
7fa4b84da000-7fa4b84dd000 ---p 00000000 00:00 0 
7fa4b84dd000-7fa4b85db000 rw-p 00000000 00:00 0                          [stack:14439]
7fa4b85db000-7fa4b85de000 ---p 00000000 00:00 0 
7fa4b85de000-7fa4b86dc000 rw-p 00000000 00:00 0                          [stack:14438]
7fa4b86dc000-7fa4b86df000 ---p 00000000 00:00 0 
7fa4b86df000-7fa4b87dd000 rw-p 00000000 00:00 0                          [stack:14437]
7fa4b87dd000-7fa4b87e0000 ---p 00000000 00:00 0 
7fa4b87e0000-7fa4b88de000 rw-p 00000000 00:00 0                          [stack:14436]
7fa4b88de000-7fa4b88e1000 ---p 00000000 00:00 0 
7fa4b88e1000-7fa4b89df000 rw-p 00000000 00:00 0                          [stack:14449]
7fa4b89df000-7fa4b89e2000 ---p 00000000 00:00 0 
7fa4b89e2000-7fa4b8ae0000 rw-p 00000000 00:00 0                          [stack:14431]
7fa4b8ae0000-7fa4b8ae3000 ---p 00000000 00:00 0 
7fa4b8ae3000-7fa4b8be1000 rw-p 00000000 00:00 0                          [stack:14428]
7fa4b8be1000-7fa4b8be4000 ---p 00000000 00:00 0 
7fa4b8be4000-7fa4b8ce2000 rw-p 00000000 00:00 0                          [stack:14430]
7fa4b8ce2000-7fa4b8ce5000 ---p 00000000 00:00 0 
7fa4b8ce5000-7fa4b8de3000 rw-p 00000000 00:00 0                          [stack:14429]
7fa4b8de3000-7fa4b8de6000 ---p 00000000 00:00 0 
7fa4b8de6000-7fa4b8ee4000 rw-p 00000000 00:00 0                          [stack:14423]
7fa4b8ee4000-7fa4b8ee7000 ---p 00000000 00:00 0 
7fa4b8ee7000-7fa4b8fe5000 rw-p 00000000 00:00 0                          [stack:14420]
7fa4b8fe5000-7fa4b8fe8000 ---p 00000000 00:00 0 
7fa4b8fe8000-7fa4b90e6000 rw-p 00000000 00:00 0                          [stack:14422]
7fa4b90e6000-7fa4b90e9000 ---p 00000000 00:00 0 
7fa4b90e9000-7fa4b91e7000 rw-p 00000000 00:00 0                          [stack:14421]
7fa4b91e7000-7fa4b91ea000 ---p 00000000 00:00 0 
7fa4b91ea000-7fa4b92e8000 rw-p 00000000 00:00 0                          [stack:14440]
7fa4b92e8000-7fa4b92eb000 ---p 00000000 00:00 0 
7fa4b92eb000-7fa4b93e9000 rw-p 00000000 00:00 0                          [stack:14415]
7fa4b93e9000-7fa4b93ec000 ---p 00000000 00:00 0 
7fa4b93ec000-7fa4b94ea000 rw-p 00000000 00:00 0                          [stack:14414]
7fa4b94ea000-7fa4b94ed000 ---p 00000000 00:00 0 
7fa4b94ed000-7fa4b95eb000 rw-p 00000000 00:00 0                          [stack:14413]
7fa4b95eb000-7fa4b95f3000 r-xp 00000000 08:17 801229                     /usr/lib/jvm/java-7-openjdk-amd64/jre/lib/amd64/libmanagement.so
7fa4b95f3000-7fa4b97f2000 ---p 00008000 08:17 801229                     /usr/lib/jvm/java-7-openjdk-amd64/jre/lib/amd64/libmanagement.so
7fa4b97f2000-7fa4b97f3000 r--p 00007000 08:17 801229                     /usr/lib/jvm/java-7-openjdk-amd64/jre/lib/amd64/libmanagement.so
7fa4b97f3000-7fa4b97f4000 rw-p 00008000 08:17 801229                     /usr/lib/jvm/java-7-openjdk-amd64/jre/lib/amd64/libmanagement.so
7fa4b97f4000-7fa4b97f7000 ---p 00000000 00:00 0 
7fa4b97f7000-7fa4b98f5000 rw-p 00000000 00:00 0                          [stack:14412]
7fa4b98f5000-7fa4b98f8000 ---p 00000000 00:00 0 
7fa4b98f8000-7fa4b99f6000 rw-p 00000000 00:00 0                          [stack:14411]
7fa4b99f6000-7fa4b9a1a000 r-xp 00000000 08:17 1180234                    /lib/x86_64-linux-gnu/libtinfo.so.5.9
7fa4b9a1a000-7fa4b9c19000 ---p 00024000 08:17 1180234                    /lib/x86_64-linux-gnu/libtinfo.so.5.9
7fa4b9c19000-7fa4b9c1d000 r--p 00023000 08:17 1180234                    /lib/x86_64-linux-gnu/libtinfo.so.5.9
7fa4b9c1d000-7fa4b9c1e000 rw-p 00027000 08:17 1180234                    /lib/x86_64-linux-gnu/libtinfo.so.5.9
7fa4b9c1e000-7fa4b9c2c000 r-xp 00000000 08:17 786968                     /usr/lib/x86_64-linux-gnu/libgomp.so.1.0.0
7fa4b9c2c000-7fa4b9e2b000 ---p 0000e000 08:17 786968                     /usr/lib/x86_64-linux-gnu/libgomp.so.1.0.0
7fa4b9e2b000-7fa4b9e2c000 r--p 0000d000 08:17 786968                     /usr/lib/x86_64-linux-gnu/libgomp.so.1.0.0
7fa4b9e2c000-7fa4b9e2d000 rw-p 0000e000 08:17 786968                     /usr/lib/x86_64-linux-gnu/libgomp.so.1.0.0
7fa4b9e2d000-7fa4b9e3c000 r-xp 00000000 08:17 1183571                    /lib/x86_64-linux-gnu/libbz2.so.1.0.4
7fa4b9e3c000-7fa4ba03b000 ---p 0000f000 08:17 1183571                    /lib/x86_64-linux-gnu/libbz2.so.1.0.4
7fa4ba03b000-7fa4ba03c000 r--p 0000e000 08:17 1183571                    /lib/x86_64-linux-gnu/libbz2.so.1.0.4
7fa4ba03c000-7fa4ba03d000 rw-p 0000f000 08:17 1183571                    /lib/x86_64-linux-gnu/libbz2.so.1.0.4
7fa4ba03d000-7fa4ba05e000 r-xp 00000000 08:17 1179740                    /lib/x86_64-linux-gnu/liblzma.so.5.0.0
7fa4ba05e000-7fa4ba25d000 ---p 00021000 08:17 1179740                    /lib/x86_64-linux-gnu/liblzma.so.5.0.0
7fa4ba25d000-7fa4ba25e000 r--p 00020000 08:17 1179740                    /lib/x86_64-linux-gnu/liblzma.so.5.0.0
7fa4ba25e000-7fa4ba25f000 rw-p 00021000 08:17 1179740                    /lib/x86_64-linux-gnu/liblzma.so.5.0.0
7fa4ba25f000-7fa4ba298000 r-xp 00000000 08:17 1180285                    /lib/x86_64-linux-gnu/libreadline.so.6.2
7fa4ba298000-7fa4ba498000 ---p 00039000 08:17 1180285                    /lib/x86_64-linux-gnu/libreadline.so.6.2
7fa4ba498000-7fa4ba49a000 r--p 00039000 08:17 1180285                    /lib/x86_64-linux-gnu/libreadline.so.6.2
7fa4ba49a000-7fa4ba4a0000 rw-p 0003b000 08:17 1180285                    /lib/x86_64-linux-gnu/libreadline.so.6.2
7fa4ba4a0000-7fa4ba4a1000 rw-p 00000000 00:00 0 
7fa4ba4a1000-7fa4ba540000 r-xp 00000000 08:17 795007                     /usr/lib/libblas/libblas.so.3.0
7fa4ba540000-7fa4ba73f000 ---p 0009f000 08:17 795007                     /usr/lib/libblas/libblas.so.3.0
7fa4ba73f000-7fa4ba740000 r--p 0009e000 08:17 795007                     /usr/lib/libblas/libblas.so.3.0
7fa4ba740000-7fa4ba741000 rw-p 0009f000 08:17 795007                     /usr/lib/libblas/libblas.so.3.0
7fa4ba741000-7fa4ba9c4000 r-xp 00000000 08:17 796349                     /usr/lib/R/lib/libR.so
7fa4ba9c4000-7fa4babc3000 ---p 00283000 08:17 796349                     /usr/lib/R/lib/libR.so
7fa4babc3000-7fa4babc9000 r--p 00282000 08:17 796349                     /usr/lib/R/lib/libR.so
7fa4babc9000-7fa4babd9000 rw-p 00288000 08:17 796349                     /usr/lib/R/lib/libR.so
7fa4babd9000-7fa4bacc3000 rw-p 00000000 00:00 0 
7fa4bacdb000-7fa4bacdc000 rw-p 00000000 00:00 0 
7fa4bacdc000-7fa4bace5000 r-xp 00000000 08:17 788282                     /usr/lib/libjri.so
7fa4bace5000-7fa4baee4000 ---p 00009000 08:17 788282                     /usr/lib/libjri.so
7fa4baee4000-7fa4baee5000 r--p 00008000 08:17 788282                     /usr/lib/libjri.so
7fa4baee5000-7fa4baee6000 rw-p 00009000 08:17 788282                     /usr/lib/libjri.so
7fa4baee6000-7fa4baee8000 r--s 00006000 08:17 1311065                    /home/sbt/.m2/repository/org/nuiton/thirdparty/REngine/0.6-1/REngine-0.6-1.jar
7fa4baee8000-7fa4baeed000 r--s 00309000 08:17 1315845                    /home/sbt/.m2/repository/org/xerial/sqlite-jdbc/3.7.2/sqlite-jdbc-3.7.2.jar
7fa4baeed000-7fa4baeef000 r--s 0000a000 08:17 1315811                    /home/sbt/.m2/repository/org/json/json/20090211/json-20090211.jar
7fa4baeef000-7fa4baef0000 r--s 00010000 08:17 1311164                    /home/sbt/.m2/repository/org/nuiton/thirdparty/JRI/0.8-4/JRI-0.8-4.jar
7fa4baef0000-7fa4baefe000 r--s 0007f000 08:17 1197670                    /home/sbt/.m2/repository/commons-collections/commons-collections/3.2.1/commons-collections-3.2.1.jar
7fa4baefe000-7fa4baf22000 r--s 001aa000 08:17 1459807                    /home/sbt/.m2/repository/com/google/guava/guava/13.0.1/guava-13.0.1.jar
7fa4baf22000-7fa4baf23000 r--s 00003000 08:17 1329502                    /home/sbt/.m2/repository/com/googlecode/json-simple/json-simple/1.1/json-simple-1.1.jar
7fa4baf23000-7fa4baf25000 r--s 0000b000 08:17 1593290                    /home/sbt/.m2/repository/org/twitter4j/twitter4j-stream/2.2.6-SNAPSHOT/twitter4j-stream-2.2.6-SNAPSHOT.jar
7fa4baf25000-7fa4baf2a000 r--s 00048000 08:17 1593291                    /home/sbt/.m2/repository/org/twitter4j/twitter4j-core/2.2.6-SNAPSHOT/twitter4j-core-2.2.6-SNAPSHOT.jar
7fa4baf2a000-7fa4baf31000 r--s 00035000 08:17 1459477                    /home/sbt/.m2/repository/storm/jgrapht/0.8.3/jgrapht-0.8.3.jar
7fa4baf31000-7fa4baf33000 r--s 0000b000 08:17 1459471                    /home/sbt/.m2/repository/com/googlecode/disruptor/disruptor/2.10.1/disruptor-2.10.1.jar
7fa4baf33000-7fa4baf34000 r--s 00000000 08:17 1459475                    /home/sbt/.m2/repository/storm/tools.cli/0.2.2/tools.cli-0.2.2.jar
7fa4baf34000-7fa4baf36000 r--s 0000d000 08:17 1329526                    /home/sbt/.m2/repository/commons-codec/commons-codec/1.4/commons-codec-1.4.jar
7fa4baf36000-7fa4baf38000 r--s 0000d000 08:17 1329525                    /home/sbt/.m2/repository/commons-logging/commons-logging/1.1.1/commons-logging-1.1.1.jar
7fa4baf38000-7fa4baf3d000 r--s 00028000 08:17 1197685                    /home/sbt/.m2/repository/org/apache/httpcomponents/httpcore/4.1/httpcore-4.1.jar
7fa4baf3d000-7fa4baf45000 r--s 0004e000 08:17 1197684                    /home/sbt/.m2/repository/org/apache/httpcomponents/httpclient/4.1.1/httpclient-4.1.1.jar
7fa4baf45000-7fa4baf47000 r--s 00007000 08:17 1459467                    /home/sbt/.m2/repository/org/objenesis/objenesis/1.2/objenesis-1.2.jar
7fa4baf47000-7fa4baf49000 r--s 00000000 08:17 1459464                    /home/sbt/.m2/repository/com/esotericsoftware/minlog/minlog/1.2/minlog-1.2.jar
7fa4baf49000-7fa4baf4b000 r--s 0000a000 08:17 1459463                    /home/sbt/.m2/repository/org/ow2/asm/asm/4.0/asm-4.0.jar
7fa4baf4b000-7fa4baf4d000 r--s 0000f000 08:17 1329529                    /home/sbt/.m2/repository/com/esotericsoftware/reflectasm/reflectasm/1.07/reflectasm-1.07-shaded.jar
7fa4baf4d000-7fa4baf51000 r--s 00024000 08:17 1329522                    /home/sbt/.m2/repository/com/esotericsoftware/kryo/kryo/2.17/kryo-2.17.jar
7fa4baf51000-7fa4baf53000 r--s 0000d000 08:17 1329547                    /home/sbt/.m2/repository/storm/carbonite/1.5.0/carbonite-1.5.0.jar
7fa4baf53000-7fa4baf54000 r--s 00002000 08:17 1329517                    /home/sbt/.m2/repository/org/slf4j/slf4j-log4j12/1.5.8/slf4j-log4j12-1.5.8.jar
7fa4baf54000-7fa4baf56000 r--s 00000000 08:17 1329516                    /home/sbt/.m2/repository/org/clojure/math.numeric-tower/0.0.1/math.numeric-tower-0.0.1.jar
7fa4baf56000-7fa4baf57000 r--s 00001000 08:17 1329515                    /home/sbt/.m2/repository/org/clojure/tools.logging/0.2.3/tools.logging-0.2.3.jar
7fa4baf57000-7fa4baf5b000 r--s 00028000 08:17 1329512                    /home/sbt/.m2/repository/org/mortbay/jetty/jetty-util/6.1.26/jetty-util-6.1.26.jar
7fa4baf5b000-7fa4baf5d000 r--s 0001f000 08:17 1329511                    /home/sbt/.m2/repository/org/mortbay/jetty/servlet-api/2.5-20081211/servlet-api-2.5-20081211.jar
7fa4baf5d000-7fa4baf64000 r--s 0007d000 08:17 1329508                    /home/sbt/.m2/repository/org/mortbay/jetty/jetty/6.1.26/jetty-6.1.26.jar
7fa4baf64000-7fa4baf65000 r--s 00000000 08:17 1329544                    /home/sbt/.m2/repository/ring/ring-servlet/0.3.11/ring-servlet-0.3.11.jar
7fa4baf65000-7fa4baf66000 r--s 00000000 08:17 1329542                    /home/sbt/.m2/repository/ring/ring-jetty-adapter/0.3.11/ring-jetty-adapter-0.3.11.jar
7fa4baf66000-7fa4baf67000 r--s 00001000 08:17 1329538                    /home/sbt/.m2/repository/hiccup/hiccup/0.3.6/hiccup-0.3.6.jar
7fa4baf67000-7fa4baf6a000 r--s 0000c000 08:17 1329510                    /home/sbt/.m2/repository/commons-fileupload/commons-fileupload/1.2.1/commons-fileupload-1.2.1.jar
7fa4baf6a000-7fa4baf6c000 r--s 00004000 08:17 1329539                    /home/sbt/.m2/repository/ring/ring-core/1.1.5/ring-core-1.1.5.jar
7fa4baf6c000-7fa4baf6d000 r--s 00000000 08:17 1329537                    /home/sbt/.m2/repository/clout/clout/1.0.1/clout-1.0.1.jar
7fa4baf6d000-7fa4baf6e000 r--s 00001000 08:17 1329506                    /home/sbt/.m2/repository/org/clojure/tools.macro/0.1.0/tools.macro-0.1.0.jar
7fa4baf6e000-7fa4baf6f000 r--s 00000000 08:17 1197682                    /home/sbt/.m2/repository/org/clojure/core.incubator/0.1.0/core.incubator-0.1.0.jar
7fa4baf6f000-7fa4baf70000 r--s 00001000 08:17 1329532                    /home/sbt/.m2/repository/compojure/compojure/1.1.3/compojure-1.1.3.jar
7fa4baf70000-7fa4baf72000 r--s 00014000 08:17 1329498                    /home/sbt/.m2/repository/jline/jline/0.9.94/jline-0.9.94.jar
7fa4baf72000-7fa4baf7b000 r--s 0008a000 08:17 1329496                    /home/sbt/.m2/repository/org/apache/zookeeper/zookeeper/3.3.3/zookeeper-3.3.3.jar
7fa4baf7b000-7fa4baf7d000 r--s 00005000 08:17 1329494                    /home/sbt/.m2/repository/com/netflix/curator/curator-client/1.0.1/curator-client-1.0.1.jar
7fa4baf7d000-7fa4baf80000 ---p 00000000 00:00 0 
7fa4baf80000-7fa4bb07e000 rw-p 00000000 00:00 0                          [stack:14407]
7fa4bb07e000-7fa4bb081000 ---p 00000000 00:00 0 
7fa4bb081000-7fa4bb17f000 rw-p 00000000 00:00 0                          [stack:14409]
7fa4bb17f000-7fa4bb182000 ---p 00000000 00:00 0 
7fa4bb182000-7fa4bb280000 rw-p 00000000 00:00 0                          [stack:14410]
7fa4bb280000-7fa4bb2bd000 r-xp 00000000 08:17 1179880                    /lib/x86_64-linux-gnu/libpcre.so.3.13.1
7fa4bb2bd000-7fa4bb4bd000 ---p 0003d000 08:17 1179880                    /lib/x86_64-linux-gnu/libpcre.so.3.13.1
7fa4bb4bd000-7fa4bb4be000 r--p 0003d000 08:17 1179880                    /lib/x86_64-linux-gnu/libpcre.so.3.13.1
7fa4bb4be000-7fa4bb4bf000 rw-p 0003e000 08:17 1179880                    /lib/x86_64-linux-gnu/libpcre.so.3.13.1
7fa4bb4bf000-7fa4bb4c6000 r-xp 00000000 08:17 790137                     /usr/lib/x86_64-linux-gnu/libffi.so.6.0.1
7fa4bb4c6000-7fa4bb6c5000 ---p 00007000 08:17 790137                     /usr/lib/x86_64-linux-gnu/libffi.so.6.0.1
7fa4bb6c5000-7fa4bb6c6000 r--p 00006000 08:17 790137                     /usr/lib/x86_64-linux-gnu/libffi.so.6.0.1
7fa4bb6c6000-7fa4bb6c7000 rw-p 00007000 08:17 790137                     /usr/lib/x86_64-linux-gnu/libffi.so.6.0.1
7fa4bb6c7000-7fa4bb6dd000 r-xp 00000000 08:17 1180012                    /lib/x86_64-linux-gnu/libresolv-2.17.so
7fa4bb6dd000-7fa4bb8dd000 ---p 00016000 08:17 1180012                    /lib/x86_64-linux-gnu/libresolv-2.17.so
7fa4bb8dd000-7fa4bb8de000 r--p 00016000 08:17 1180012                    /lib/x86_64-linux-gnu/libresolv-2.17.so
7fa4bb8de000-7fa4bb8df000 rw-p 00017000 08:17 1180012                    /lib/x86_64-linux-gnu/libresolv-2.17.so
7fa4bb8df000-7fa4bb8e1000 rw-p 00000000 00:00 0 
7fa4bb8e1000-7fa4bb8fe000 r-xp 00000000 08:17 1183678                    /lib/x86_64-linux-gnu/libselinux.so.1
7fa4bb8fe000-7fa4bbafd000 ---p 0001d000 08:17 1183678                    /lib/x86_64-linux-gnu/libselinux.so.1
7fa4bbafd000-7fa4bbafe000 r--p 0001c000 08:17 1183678                    /lib/x86_64-linux-gnu/libselinux.so.1
7fa4bbafe000-7fa4bbaff000 rw-p 0001d000 08:17 1183678                    /lib/x86_64-linux-gnu/libselinux.so.1
7fa4bbaff000-7fa4bbb00000 rw-p 00000000 00:00 0 
7fa4bbb00000-7fa4bbb03000 r-xp 00000000 08:17 786480                     /usr/lib/x86_64-linux-gnu/libgmodule-2.0.so.0.3600.0
7fa4bbb03000-7fa4bbd02000 ---p 00003000 08:17 786480                     /usr/lib/x86_64-linux-gnu/libgmodule-2.0.so.0.3600.0
7fa4bbd02000-7fa4bbd03000 r--p 00002000 08:17 786480                     /usr/lib/x86_64-linux-gnu/libgmodule-2.0.so.0.3600.0
7fa4bbd03000-7fa4bbd04000 rw-p 00003000 08:17 786480                     /usr/lib/x86_64-linux-gnu/libgmodule-2.0.so.0.3600.0
7fa4bbd04000-7fa4bbdfd000 r-xp 00000000 08:17 1184079                    /lib/x86_64-linux-gnu/libglib-2.0.so.0.3600.0
7fa4bbdfd000-7fa4bbffd000 ---p 000f9000 08:17 1184079                    /lib/x86_64-linux-gnu/libglib-2.0.so.0.3600.0
7fa4bbffd000-7fa4bbffe000 r--p 000f9000 08:17 1184079                    /lib/x86_64-linux-gnu/libglib-2.0.so.0.3600.0
7fa4bbffe000-7fa4bbfff000 rw-p 000fa000 08:17 1184079                    /lib/x86_64-linux-gnu/libglib-2.0.so.0.3600.0
7fa4bbfff000-7fa4bc000000 rw-p 00000000 00:00 0 
7fa4bc000000-7fa4bc021000 rw-p 00000000 00:00 0 
7fa4bc021000-7fa4c0000000 ---p 00000000 00:00 0 
7fa4c0000000-7fa4c0021000 rw-p 00000000 00:00 0 
7fa4c0021000-7fa4c4000000 ---p 00000000 00:00 0 
7fa4c4000000-7fa4c5027000 rw-p 00000000 00:00 0 
7fa4c5027000-7fa4c8000000 ---p 00000000 00:00 0 
7fa4c8000000-7fa4c9373000 rw-p 00000000 00:00 0 
7fa4c9373000-7fa4cc000000 ---p 00000000 00:00 0 
7fa4cc000000-7fa4cc021000 rw-p 00000000 00:00 0 
7fa4cc021000-7fa4d0000000 ---p 00000000 00:00 0 
7fa4d0000000-7fa4d0021000 rw-p 00000000 00:00 0 
7fa4d0021000-7fa4d4000000 ---p 00000000 00:00 0 
7fa4d4000000-7fa4d4061000 rw-p 00000000 00:00 0 
7fa4d4061000-7fa4d8000000 ---p 00000000 00:00 0 
7fa4d8000000-7fa4d8021000 rw-p 00000000 00:00 0 
7fa4d8021000-7fa4dc000000 ---p 00000000 00:00 0 
7fa4dc000000-7fa4dc021000 rw-p 00000000 00:00 0 
7fa4dc021000-7fa4e0000000 ---p 00000000 00:00 0 
7fa4e0000000-7fa4e0001000 r--s 00003000 08:17 1329533                    /home/sbt/.m2/repository/backtype/jzmq/2.1.0/jzmq-2.1.0.jar
7fa4e0001000-7fa4e0005000 r--s 00015000 08:17 1329493                    /home/sbt/.m2/repository/com/netflix/curator/curator-framework/1.0.1/curator-framework-1.0.1.jar
7fa4e0005000-7fa4e000e000 r--s 0006d000 08:17 1329492                    /home/sbt/.m2/repository/log4j/log4j/1.2.16/log4j-1.2.16.jar
7fa4e000e000-7fa4e001d000 r--s 0007c000 08:17 1329491                    /home/sbt/.m2/repository/joda-time/joda-time/2.0/joda-time-2.0.jar
7fa4e001d000-7fa4e001e000 r--s 00002000 08:17 1329531                    /home/sbt/.m2/repository/clj-time/clj-time/0.4.1/clj-time-0.4.1.jar
7fa4e001e000-7fa4e0020000 r--s 00018000 08:17 1197677                    /home/sbt/.m2/repository/javax/servlet/servlet-api/2.5/servlet-api-2.5.jar
7fa4e0020000-7fa4e0021000 r--s 00005000 08:17 1197674                    /home/sbt/.m2/repository/org/slf4j/slf4j-api/1.5.8/slf4j-api-1.5.8.jar
7fa4e0021000-7fa4e0027000 r--s 00044000 08:17 1197691                    /home/sbt/.m2/repository/storm/libthrift7/0.7.0/libthrift7-0.7.0.jar
7fa4e0027000-7fa4e002a000 r--s 00018000 08:17 1197672                    /home/sbt/.m2/repository/commons-io/commons-io/1.4/commons-io-1.4.jar
7fa4e002a000-7fa4e0066000 r--s 00308000 08:17 1197688                    /home/sbt/.m2/repository/org/clojure/clojure/1.4.0/clojure-1.4.0.jar
7fa4e0066000-7fa4e00c5000 r--s 00475000 08:17 1197690                    /home/sbt/.m2/repository/storm/storm/0.8.2/storm-0.8.2.jar
7fa4e00c5000-7fa4e00cb000 r--s 00033000 08:17 1593299                    /home/sbt/.m2/repository/org/yaml/snakeyaml/1.6/snakeyaml-1.6.jar
7fa4e00cb000-7fa4e00cd000 r--s 0000b000 08:17 1197671                    /home/sbt/.m2/repository/org/apache/commons/commons-exec/1.1/commons-exec-1.1.jar
7fa4e00cd000-7fa4e00d1000 r--s 00033000 08:17 1704492                    /home/sbt/.m2/repository/org/codehaus/plexus/plexus-utils/2.0.5/plexus-utils-2.0.5.jar
7fa4e00d1000-7fa4e00d3000 r--s 00008000 08:17 1704472                    /home/sbt/.m2/repository/org/codehaus/mojo/exec-maven-plugin/1.2.1/exec-maven-plugin-1.2.1.jar
7fa4e00d3000-7fa4e013e000 r--s 00698000 08:17 917717                     /usr/lib/jvm/java-7-openjdk-amd64/lib/tools.jar
7fa4e013e000-7fa4e013f000 r--s 00003000 08:17 1593460                    /home/sbt/.m2/repository/org/codehaus/plexus/plexus-compiler-javac/1.5.3/plexus-compiler-javac-1.5.3.jar
7fa4e013f000-7fa4e0141000 r--s 00000000 08:17 1593462                    /home/sbt/.m2/repository/org/codehaus/plexus/plexus-compiler-manager/1.5.3/plexus-compiler-manager-1.5.3.jar
7fa4e0141000-7fa4e0142000 r--s 00004000 08:17 1593461                    /home/sbt/.m2/repository/org/codehaus/plexus/plexus-compiler-api/1.5.3/plexus-compiler-api-1.5.3.jar
7fa4e0142000-7fa4e0144000 r--s 00026000 08:17 1459827                    /home/sbt/.m2/repository/org/codehaus/plexus/plexus-utils/1.0.4/plexus-utils-1.0.4.jar
7fa4e0144000-7fa4e0145000 r--s 00004000 08:17 1593142                    /home/sbt/.m2/repository/org/apache/maven/plugins/maven-compiler-plugin/2.0.2/maven-compiler-plugin-2.0.2.jar
7fa4e0145000-7fa4e0147000 r--s 0000b000 08:17 1593406                    /home/sbt/.m2/repository/org/codehaus/plexus/plexus-interpolation/1.6/plexus-interpolation-1.6.jar
7fa4e0147000-7fa4e0149000 r--s 00006000 08:17 1593401                    /home/sbt/.m2/repository/commons-cli/commons-cli/1.0/commons-cli-1.0.jar
7fa4e0149000-7fa4e014a000 r--s 00001000 08:17 1593400                    /home/sbt/.m2/repository/org/apache/maven/doxia/doxia-sink-api/1.0-alpha-7/doxia-sink-api-1.0-alpha-7.jar
7fa4e014a000-7fa4e014b000 r--s 00002000 08:17 1459825                    /home/sbt/.m2/repository/org/apache/maven/reporting/maven-reporting-api/2.0.6/maven-reporting-api-2.0.6.jar
7fa4e014b000-7fa4e014d000 r--s 00007000 08:17 1593399                    /home/sbt/.m2/repository/org/apache/maven/shared/maven-filtering/1.0-beta-2/maven-filtering-1.0-beta-2.jar
7fa4e014d000-7fa4e0152000 r--s 00039000 08:17 1593402                    /home/sbt/.m2/repository/org/codehaus/plexus/plexus-utils/1.5.6/plexus-utils-1.5.6.jar
7fa4e0152000-7fa4e0154000 r--s 00004000 08:17 1593123                    /home/sbt/.m2/repository/org/apache/maven/plugins/maven-resources-plugin/2.3/maven-resources-plugin-2.3.jar
7fa4e0154000-7fa4e0155000 r--s 00004000 08:17 1593106                    /home/sbt/.m2/repository/org/codehaus/plexus/plexus-compiler-api/1.8.1/plexus-compiler-api-1.8.1.jar
7fa4e0155000-7fa4e0157000 r--s 00002000 08:17 1329600                    /home/sbt/.m2/repository/org/sonatype/plexus/plexus-cipher/1.4/plexus-cipher-1.4.jar
7fa4e0157000-7fa4e0158000 r--s 00006000 08:17 1197727                    /home/sbt/.m2/repository/org/sonatype/plexus/plexus-sec-dispatcher/1.3/plexus-sec-dispatcher-1.3.jar
7fa4e0158000-7fa4e015c000 r--s 00034000 08:17 1459793                    /home/sbt/.m2/repository/org/codehaus/plexus/plexus-utils/1.5.15/plexus-utils-1.5.15.jar
7fa4e015c000-7fa4e0164000 r--s 00049000 08:17 1459791                    /home/sbt/.m2/repository/backport-util-concurrent/backport-util-concurrent/3.1/backport-util-concurrent-3.1.jar
7fa4e0164000-7fa4e0166000 r--s 00002000 08:17 1459787                    /home/sbt/.m2/repository/org/codehaus/plexus/plexus-interactivity-api/1.0-alpha-4/plexus-interactivity-api-1.0-alpha-4.jar
7fa4e0166000-7fa4e0168000 r--s 00009000 08:17 1459786                    /home/sbt/.m2/repository/commons-cli/commons-cli/1.2/commons-cli-1.2.jar
7fa4e0168000-7fa4e016b000 r--s 0001b000 08:17 1329499                    /home/sbt/.m2/repository/junit/junit/3.8.1/junit-3.8.1.jar
7fa4e016b000-7fa4e016e000 ---p 00000000 00:00 0 
7fa4e016e000-7fa4e01c4000 rw-p 00000000 00:00 0                          [stack:14389]
7fa4e01c4000-7fa4e0211000 r-xp 00000000 08:17 786481                     /usr/lib/x86_64-linux-gnu/libgobject-2.0.so.0.3600.0
7fa4e0211000-7fa4e0411000 ---p 0004d000 08:17 786481                     /usr/lib/x86_64-linux-gnu/libgobject-2.0.so.0.3600.0
7fa4e0411000-7fa4e0412000 r--p 0004d000 08:17 786481                     /usr/lib/x86_64-linux-gnu/libgobject-2.0.so.0.3600.0
7fa4e0412000-7fa4e0413000 rw-p 0004e000 08:17 786481                     /usr/lib/x86_64-linux-gnu/libgobject-2.0.so.0.3600.0
7fa4e0413000-7fa4e0566000 r-xp 00000000 08:17 787354                     /usr/lib/x86_64-linux-gnu/libgio-2.0.so.0.3600.0
7fa4e0566000-7fa4e0765000 ---p 00153000 08:17 787354                     /usr/lib/x86_64-linux-gnu/libgio-2.0.so.0.3600.0
7fa4e0765000-7fa4e0769000 r--p 00152000 08:17 787354                     /usr/lib/x86_64-linux-gnu/libgio-2.0.so.0.3600.0
7fa4e0769000-7fa4e076b000 rw-p 00156000 08:17 787354                     /usr/lib/x86_64-linux-gnu/libgio-2.0.so.0.3600.0
7fa4e076b000-7fa4e076d000 rw-p 00000000 00:00 0 
7fa4e076d000-7fa4e0783000 r-xp 00000000 08:17 801223                     /usr/lib/jvm/java-7-openjdk-amd64/jre/lib/amd64/libnet.so
7fa4e0783000-7fa4e0982000 ---p 00016000 08:17 801223                     /usr/lib/jvm/java-7-openjdk-amd64/jre/lib/amd64/libnet.so
7fa4e0982000-7fa4e0983000 r--p 00015000 08:17 801223                     /usr/lib/jvm/java-7-openjdk-amd64/jre/lib/amd64/libnet.so
7fa4e0983000-7fa4e0984000 rw-p 00016000 08:17 801223                     /usr/lib/jvm/java-7-openjdk-amd64/jre/lib/amd64/libnet.so
7fa4e0984000-7fa4e0994000 r-xp 00000000 08:17 801219                     /usr/lib/jvm/java-7-openjdk-amd64/jre/lib/amd64/libnio.so
7fa4e0994000-7fa4e0b94000 ---p 00010000 08:17 801219                     /usr/lib/jvm/java-7-openjdk-amd64/jre/lib/amd64/libnio.so
7fa4e0b94000-7fa4e0b95000 r--p 00010000 08:17 801219                     /usr/lib/jvm/java-7-openjdk-amd64/jre/lib/amd64/libnio.so
7fa4e0b95000-7fa4e0b96000 rw-p 00011000 08:17 801219                     /usr/lib/jvm/java-7-openjdk-amd64/jre/lib/amd64/libnio.so
7fa4e0b96000-7fa4e0b97000 ---p 00000000 00:00 0 
7fa4e0b97000-7fa4e0c97000 rw-p 00000000 00:00 0                          [stack:14387]
7fa4e0c97000-7fa4e0c9a000 ---p 00000000 00:00 0 
7fa4e0c9a000-7fa4e0d98000 rw-p 00000000 00:00 0                          [stack:14386]
7fa4e0d98000-7fa4e0d9b000 ---p 00000000 00:00 0 
7fa4e0d9b000-7fa4e0e99000 rw-p 00000000 00:00 0                          [stack:14385]
7fa4e0e99000-7fa4e0e9c000 ---p 00000000 00:00 0 
7fa4e0e9c000-7fa4e0f9a000 rw-p 00000000 00:00 0                          [stack:14384]
7fa4e0f9a000-7fa4e0f9d000 ---p 00000000 00:00 0 
7fa4e0f9d000-7fa4e109b000 rw-p 00000000 00:00 0                          [stack:14383]
7fa4e109b000-7fa4e1508000 r--p 00000000 08:17 787049                     /usr/lib/locale/locale-archive
7fa4e1508000-7fa4e150b000 ---p 00000000 00:00 0 
7fa4e150b000-7fa4e1609000 rw-p 00000000 00:00 0                          [stack:14382]
7fa4e1609000-7fa4e160c000 ---p 00000000 00:00 0 
7fa4e160c000-7fa4e170a000 rw-p 00000000 00:00 0                          [stack:14381]
7fa4e170a000-7fa4e170b000 ---p 00000000 00:00 0 
7fa4e170b000-7fa4e4000000 rw-p 00000000 00:00 0                          [stack:14380]
7fa4e4000000-7fa4e4021000 rw-p 00000000 00:00 0 
7fa4e4021000-7fa4e8000000 ---p 00000000 00:00 0 
7fa4e8000000-7fa4e8021000 rw-p 00000000 00:00 0 
7fa4e8021000-7fa4ec000000 ---p 00000000 00:00 0 
7fa4ec000000-7fa4ec021000 rw-p 00000000 00:00 0 
7fa4ec021000-7fa4f0000000 ---p 00000000 00:00 0 
7fa4f0000000-7fa4f0001000 r--s 00002000 08:17 1459783                    /home/sbt/.m2/repository/org/apache/maven/doxia/doxia-logging-api/1.1/doxia-logging-api-1.1.jar
7fa4f0001000-7fa4f0003000 r--s 00002000 08:17 1459781                    /home/sbt/.m2/repository/org/apache/maven/doxia/doxia-sink-api/1.1/doxia-sink-api-1.1.jar
7fa4f0003000-7fa4f0004000 r--s 00002000 08:17 1459780                    /home/sbt/.m2/repository/org/apache/maven/reporting/maven-reporting-api/2.2.1/maven-reporting-api-2.2.1.jar
7fa4f0004000-7fa4f0006000 r--s 00003000 08:17 1459782                    /home/sbt/.m2/repository/org/slf4j/jcl-over-slf4j/1.5.6/jcl-over-slf4j-1.5.6.jar
7fa4f0006000-7fa4f0008000 r--s 00004000 08:17 1197725                    /home/sbt/.m2/repository/org/slf4j/slf4j-api/1.5.6/slf4j-api-1.5.6.jar
7fa4f0008000-7fa4f000a000 r--s 00001000 08:17 1329597                    /home/sbt/.m2/repository/org/slf4j/slf4j-jdk14/1.5.6/slf4j-jdk14-1.5.6.jar
7fa4f000a000-7fa4f000c000 r--s 0000b000 08:17 1459774                    /home/sbt/.m2/repository/org/codehaus/plexus/plexus-interpolation/1.11/plexus-interpolation-1.11.jar
7fa4f000c000-7fa4f0011000 r--s 00040000 08:17 1197675                    /home/sbt/.m2/repository/commons-lang/commons-lang/2.5/commons-lang-2.5.jar
7fa4f0011000-7fa4f0014000 r--s 00013000 08:17 1329598                    /home/sbt/.m2/repository/commons-io/commons-io/1.3.2/commons-io-1.3.2.jar
7fa4f0014000-7fa4f0017000 r--s 0000a000 08:17 1459776                    /home/sbt/.m2/repository/org/apache/commons/commons-exec/1.0.1/commons-exec-1.0.1.jar
7fa4f0017000-7fa4f0019000 r--s 00009000 08:17 1459775                    /home/sbt/.m2/repository/com/theoryinpractise/clojure-maven-plugin/1.3.8/clojure-maven-plugin-1.3.8.jar
7fa4f0019000-7fa4f001a000 r--p 00000000 00:00 0 
7fa4f001a000-7fa4f001f000 r--s 0004c000 08:17 792674                     /usr/lib/jvm/java-7-openjdk-common/jre/lib/jsse.jar
7fa4f001f000-7fa4f0028000 r--s 000bc000 08:17 801283                     /usr/lib/jvm/java-7-openjdk-common/jre/lib/resources.jar
7fa4f0028000-7fa4f002a000 r--s 00007000 08:17 804505                     /usr/share/maven/lib/maven-settings-builder-3.0.4.jar
7fa4f002a000-7fa4f002c000 r--s 00003000 08:17 1196918                    /usr/share/java/jsr305-0.1~+svn49.jar
7fa4f002c000-7fa4f004c000 r--s 00140000 08:17 1197248                    /usr/share/java/guava-11.0.2.jar
7fa4f004c000-7fa4f004e000 r--s 0000c000 08:17 1195556                    /usr/share/java/commons-logging-1.1.1.jar
7fa4f004e000-7fa4f0054000 r--s 00046000 08:17 1187145                    /usr/share/java/commons-httpclient-3.1.jar
7fa4f0054000-7fa4f0056000 r--s 00008000 08:17 804498                     /usr/share/maven/lib/maven-embedder-3.0.4.jar
7fa4f0056000-7fa4f0058000 r--s 00007000 08:17 1195653                    /usr/share/java/commons-cli-1.2.jar
7fa4f0058000-7fa4f005a000 r--s 00025000 08:17 804503                     /usr/share/maven/lib/maven-model-3.0.4.jar
7fa4f005a000-7fa4f005e000 r--s 00033000 08:17 1197230                    /usr/share/java/plexus-utils2-2.0.5.jar
7fa4f005e000-7fa4f006a000 r--s 0007c000 08:17 804499                     /usr/share/maven/lib/maven-core-3.0.4.jar
7fa4f006a000-7fa4f006e000 r--s 0001c000 08:17 537136                     /usr/share/maven-repo/org/sonatype/aether/aether-util/1.13.1/aether-util-1.13.1.jar
7fa4f006e000-7fa4f0074000 r--s 00034000 08:17 1195554                    /usr/share/java/commons-codec-1.6.jar
7fa4f0074000-7fa4f0076000 r--s 0000a000 08:17 1185441                    /usr/share/java/wagon-provider-api-2.x.jar
7fa4f0076000-7fa4f008e000 r--s 000d6000 08:17 1187973                    /usr/share/java/wagon-http-shaded-2.x.jar
7fa4f008e000-7fa4f0090000 r--s 00009000 08:17 804502                     /usr/share/maven/lib/maven-settings-3.0.4.jar
7fa4f0090000-7fa4f0093000 r--s 00013000 08:17 537153                     /usr/share/maven-repo/org/sonatype/aether/aether-api/1.13.1/aether-api-1.13.1.jar
7fa4f0093000-7fa4f0095000 r--s 00005000 08:17 804497                     /usr/share/maven/lib/maven-repository-metadata-3.0.4.jar
7fa4f0095000-7fa4f0099000 r--s 00020000 08:17 804496                     /usr/share/maven/lib/maven-model-builder-3.0.4.jar
7fa4f0099000-7fa4f1000000 rw-p 00000000 00:00 0 
7fa4f1000000-7fa4f1290000 rwxp 00000000 00:00 0 
7fa4f1290000-7fa4f502d000 rw-p 00000000 00:00 0 
7fa4f502d000-7fa4f8000000 ---p 00000000 00:00 0 
7fa4f8000000-7fa4f8001000 r--s 00003000 08:17 537148                     /usr/share/maven-repo/org/sonatype/aether/aether-spi/1.13.1/aether-spi-1.13.1.jar
7fa4f8001000-7fa4f8003000 r--s 0000b000 08:17 535571                     /usr/share/maven-repo/org/codehaus/plexus/plexus-interpolation/1.11/plexus-interpolation-1.11.jar
7fa4f8003000-7fa4f8005000 r--s 0000b000 08:17 804501                     /usr/share/maven/lib/maven-aether-provider-3.0.4.jar
7fa4f8005000-7fa4f8007000 r--s 00006000 08:17 537171                     /usr/share/maven-repo/org/sonatype/aether/aether-connector-wagon/1.13.1/aether-connector-wagon-1.13.1.jar
7fa4f8007000-7fa4f800e000 r--s 00040000 08:17 1197261                    /usr/share/java/sisu-inject-bean.jar
7fa4f800e000-7fa4f8014000 r--s 0003e000 08:17 804504                     /usr/share/maven/lib/maven-compat-3.0.4.jar
7fa4f8014000-7fa4f8016000 r--s 00000000 08:17 1197233                    /usr/share/java/plexus-component-annotations-1.5-1.5.5.jar
7fa4f8016000-7fa4f8018000 r--s 0000a000 08:17 804500                     /usr/share/maven/lib/maven-artifact-3.0.4.jar
7fa4f8018000-7fa4f801a000 r--s 00002000 08:17 1185321                    /usr/share/java/plexus-cipher.jar
7fa4f801a000-7fa4f848a000 rw-p 00000000 00:00 0 
7fa4f848a000-7fa4f8637000 r--s 01cde000 08:17 795889                     /usr/lib/jvm/java-7-openjdk-amd64/jre/lib/rt.jar
7fa4f8637000-7fa4f865f000 rw-p 00000000 00:00 0 
7fa4f865f000-7fa4f8660000 ---p 00000000 00:00 0 
7fa4f8660000-7fa4f8760000 rw-p 00000000 00:00 0                          [stack:14379]
7fa4f8760000-7fa4f8761000 ---p 00000000 00:00 0 
7fa4f8761000-7fa4f8861000 rw-p 00000000 00:00 0                          [stack:14378]
7fa4f8861000-7fa4f8862000 ---p 00000000 00:00 0 
7fa4f8862000-7fa4f8962000 rw-p 00000000 00:00 0                          [stack:14377]
7fa4f8962000-7fa4f8963000 ---p 00000000 00:00 0 
7fa4f8963000-7fa4f8a77000 rw-p 00000000 00:00 0                          [stack:14376]
7fa4f8a77000-7fa4f8ab6000 rw-p 00000000 00:00 0 
7fa4f8ab6000-7fa4f8aca000 rw-p 00000000 00:00 0 
7fa4f8aca000-7fa4f8bf4000 rw-p 00000000 00:00 0 
7fa4f8bf4000-7fa4f8c08000 rw-p 00000000 00:00 0 
7fa4f8c08000-7fa4f8c47000 rw-p 00000000 00:00 0 
7fa4f8c47000-7fa4f8c5b000 rw-p 00000000 00:00 0 
7fa4f8c5b000-7fa4f8d84000 rw-p 00000000 00:00 0 
7fa4f8d84000-7fa4f8e0e000 rw-p 00000000 00:00 0 
7fa4f8e0e000-7fa4f8e23000 rw-p 00000000 00:00 0 
7fa4f8e23000-7fa4f8e24000 rw-p 00000000 00:00 0 
7fa4f8e24000-7fa4f8e2c000 r-xp 00000000 08:17 801248                     /usr/lib/jvm/java-7-openjdk-amd64/jre/lib/amd64/libzip.so
7fa4f8e2c000-7fa4f902b000 ---p 00008000 08:17 801248                     /usr/lib/jvm/java-7-openjdk-amd64/jre/lib/amd64/libzip.so
7fa4f902b000-7fa4f902c000 r--p 00007000 08:17 801248                     /usr/lib/jvm/java-7-openjdk-amd64/jre/lib/amd64/libzip.so
7fa4f902c000-7fa4f902d000 rw-p 00008000 08:17 801248                     /usr/lib/jvm/java-7-openjdk-amd64/jre/lib/amd64/libzip.so
7fa4f902d000-7fa4f9039000 r-xp 00000000 08:17 1180038                    /lib/x86_64-linux-gnu/libnss_files-2.17.so
7fa4f9039000-7fa4f9238000 ---p 0000c000 08:17 1180038                    /lib/x86_64-linux-gnu/libnss_files-2.17.so
7fa4f9238000-7fa4f9239000 r--p 0000b000 08:17 1180038                    /lib/x86_64-linux-gnu/libnss_files-2.17.so
7fa4f9239000-7fa4f923a000 rw-p 0000c000 08:17 1180038                    /lib/x86_64-linux-gnu/libnss_files-2.17.so
7fa4f923a000-7fa4f9245000 r-xp 00000000 08:17 1180032                    /lib/x86_64-linux-gnu/libnss_nis-2.17.so
7fa4f9245000-7fa4f9444000 ---p 0000b000 08:17 1180032                    /lib/x86_64-linux-gnu/libnss_nis-2.17.so
7fa4f9444000-7fa4f9445000 r--p 0000a000 08:17 1180032                    /lib/x86_64-linux-gnu/libnss_nis-2.17.so
7fa4f9445000-7fa4f9446000 rw-p 0000b000 08:17 1180032                    /lib/x86_64-linux-gnu/libnss_nis-2.17.so
7fa4f9446000-7fa4f945d000 r-xp 00000000 08:17 1180001                    /lib/x86_64-linux-gnu/libnsl-2.17.so
7fa4f945d000-7fa4f965c000 ---p 00017000 08:17 1180001                    /lib/x86_64-linux-gnu/libnsl-2.17.so
7fa4f965c000-7fa4f965d000 r--p 00016000 08:17 1180001                    /lib/x86_64-linux-gnu/libnsl-2.17.so
7fa4f965d000-7fa4f965e000 rw-p 00017000 08:17 1180001                    /lib/x86_64-linux-gnu/libnsl-2.17.so
7fa4f965e000-7fa4f9660000 rw-p 00000000 00:00 0 
7fa4f9660000-7fa4f9668000 r-xp 00000000 08:17 1180022                    /lib/x86_64-linux-gnu/libnss_compat-2.17.so
7fa4f9668000-7fa4f9867000 ---p 00008000 08:17 1180022                    /lib/x86_64-linux-gnu/libnss_compat-2.17.so
7fa4f9867000-7fa4f9868000 r--p 00007000 08:17 1180022                    /lib/x86_64-linux-gnu/libnss_compat-2.17.so
7fa4f9868000-7fa4f9869000 rw-p 00008000 08:17 1180022                    /lib/x86_64-linux-gnu/libnss_compat-2.17.so
7fa4f9869000-7fa4f9894000 r-xp 00000000 08:17 801233                     /usr/lib/jvm/java-7-openjdk-amd64/jre/lib/amd64/libjava.so
7fa4f9894000-7fa4f9a93000 ---p 0002b000 08:17 801233                     /usr/lib/jvm/java-7-openjdk-amd64/jre/lib/amd64/libjava.so
7fa4f9a93000-7fa4f9a94000 r--p 0002a000 08:17 801233                     /usr/lib/jvm/java-7-openjdk-amd64/jre/lib/amd64/libjava.so
7fa4f9a94000-7fa4f9a96000 rw-p 0002b000 08:17 801233                     /usr/lib/jvm/java-7-openjdk-amd64/jre/lib/amd64/libjava.so
7fa4f9a96000-7fa4f9aa5000 r-xp 00000000 08:17 801232                     /usr/lib/jvm/java-7-openjdk-amd64/jre/lib/amd64/libverify.so
7fa4f9aa5000-7fa4f9ca4000 ---p 0000f000 08:17 801232                     /usr/lib/jvm/java-7-openjdk-amd64/jre/lib/amd64/libverify.so
7fa4f9ca4000-7fa4f9ca6000 r--p 0000e000 08:17 801232                     /usr/lib/jvm/java-7-openjdk-amd64/jre/lib/amd64/libverify.so
7fa4f9ca6000-7fa4f9ca7000 rw-p 00010000 08:17 801232                     /usr/lib/jvm/java-7-openjdk-amd64/jre/lib/amd64/libverify.so
7fa4f9ca7000-7fa4f9cae000 r-xp 00000000 08:17 1179994                    /lib/x86_64-linux-gnu/librt-2.17.so
7fa4f9cae000-7fa4f9ead000 ---p 00007000 08:17 1179994                    /lib/x86_64-linux-gnu/librt-2.17.so
7fa4f9ead000-7fa4f9eae000 r--p 00006000 08:17 1179994                    /lib/x86_64-linux-gnu/librt-2.17.so
7fa4f9eae000-7fa4f9eaf000 rw-p 00007000 08:17 1179994                    /lib/x86_64-linux-gnu/librt-2.17.so
7fa4f9eaf000-7fa4f9ec3000 r-xp 00000000 08:17 1183565                    /lib/x86_64-linux-gnu/libgcc_s.so.1
7fa4f9ec3000-7fa4fa0c3000 ---p 00014000 08:17 1183565                    /lib/x86_64-linux-gnu/libgcc_s.so.1
7fa4fa0c3000-7fa4fa0c4000 r--p 00014000 08:17 1183565                    /lib/x86_64-linux-gnu/libgcc_s.so.1
7fa4fa0c4000-7fa4fa0c5000 rw-p 00015000 08:17 1183565                    /lib/x86_64-linux-gnu/libgcc_s.so.1
7fa4fa0c5000-7fa4fa1c8000 r-xp 00000000 08:17 1180028                    /lib/x86_64-linux-gnu/libm-2.17.so
7fa4fa1c8000-7fa4fa3c8000 ---p 00103000 08:17 1180028                    /lib/x86_64-linux-gnu/libm-2.17.so
7fa4fa3c8000-7fa4fa3c9000 r--p 00103000 08:17 1180028                    /lib/x86_64-linux-gnu/libm-2.17.so
7fa4fa3c9000-7fa4fa3ca000 rw-p 00104000 08:17 1180028                    /lib/x86_64-linux-gnu/libm-2.17.so
7fa4fa3ca000-7fa4fa4af000 r-xp 00000000 08:17 786637                     /usr/lib/x86_64-linux-gnu/libstdc++.so.6.0.17
7fa4fa4af000-7fa4fa6ae000 ---p 000e5000 08:17 786637                     /usr/lib/x86_64-linux-gnu/libstdc++.so.6.0.17
7fa4fa6ae000-7fa4fa6b6000 r--p 000e4000 08:17 786637                     /usr/lib/x86_64-linux-gnu/libstdc++.so.6.0.17
7fa4fa6b6000-7fa4fa6b8000 rw-p 000ec000 08:17 786637                     /usr/lib/x86_64-linux-gnu/libstdc++.so.6.0.17
7fa4fa6b8000-7fa4fa6cd000 rw-p 00000000 00:00 0 
7fa4fa6cd000-7fa4fb0c8000 r-xp 00000000 08:17 801237                     /usr/lib/jvm/java-7-openjdk-amd64/jre/lib/amd64/server/libjvm.so
7fa4fb0c8000-7fa4fb2c7000 ---p 009fb000 08:17 801237                     /usr/lib/jvm/java-7-openjdk-amd64/jre/lib/amd64/server/libjvm.so
7fa4fb2c7000-7fa4fb346000 r--p 009fa000 08:17 801237                     /usr/lib/jvm/java-7-openjdk-amd64/jre/lib/amd64/server/libjvm.so
7fa4fb346000-7fa4fb369000 rw-p 00a79000 08:17 801237                     /usr/lib/jvm/java-7-openjdk-amd64/jre/lib/amd64/server/libjvm.so
7fa4fb369000-7fa4fb394000 rw-p 00000000 00:00 0 
7fa4fb394000-7fa4fb3aa000 r-xp 00000000 08:17 1180066                    /lib/x86_64-linux-gnu/libz.so.1.2.7
7fa4fb3aa000-7fa4fb5a9000 ---p 00016000 08:17 1180066                    /lib/x86_64-linux-gnu/libz.so.1.2.7
7fa4fb5a9000-7fa4fb5aa000 r--p 00015000 08:17 1180066                    /lib/x86_64-linux-gnu/libz.so.1.2.7
7fa4fb5aa000-7fa4fb5ab000 rw-p 00016000 08:17 1180066                    /lib/x86_64-linux-gnu/libz.so.1.2.7
7fa4fb5ab000-7fa4fb5c3000 r-xp 00000000 08:17 1180026                    /lib/x86_64-linux-gnu/libpthread-2.17.so
7fa4fb5c3000-7fa4fb7c2000 ---p 00018000 08:17 1180026                    /lib/x86_64-linux-gnu/libpthread-2.17.so
7fa4fb7c2000-7fa4fb7c3000 r--p 00017000 08:17 1180026                    /lib/x86_64-linux-gnu/libpthread-2.17.so
7fa4fb7c3000-7fa4fb7c4000 rw-p 00018000 08:17 1180026                    /lib/x86_64-linux-gnu/libpthread-2.17.so
7fa4fb7c4000-7fa4fb7c8000 rw-p 00000000 00:00 0 
7fa4fb7c8000-7fa4fb7cb000 r-xp 00000000 08:17 1180018                    /lib/x86_64-linux-gnu/libdl-2.17.so
7fa4fb7cb000-7fa4fb9ca000 ---p 00003000 08:17 1180018                    /lib/x86_64-linux-gnu/libdl-2.17.so
7fa4fb9ca000-7fa4fb9cb000 r--p 00002000 08:17 1180018                    /lib/x86_64-linux-gnu/libdl-2.17.so
7fa4fb9cb000-7fa4fb9cc000 rw-p 00003000 08:17 1180018                    /lib/x86_64-linux-gnu/libdl-2.17.so
7fa4fb9cc000-7fa4fbb8a000 r-xp 00000000 08:17 1180016                    /lib/x86_64-linux-gnu/libc-2.17.so
7fa4fbb8a000-7fa4fbd89000 ---p 001be000 08:17 1180016                    /lib/x86_64-linux-gnu/libc-2.17.so
7fa4fbd89000-7fa4fbd8d000 r--p 001bd000 08:17 1180016                    /lib/x86_64-linux-gnu/libc-2.17.so
7fa4fbd8d000-7fa4fbd8f000 rw-p 001c1000 08:17 1180016                    /lib/x86_64-linux-gnu/libc-2.17.so
7fa4fbd8f000-7fa4fbd94000 rw-p 00000000 00:00 0 
7fa4fbd94000-7fa4fbda1000 r-xp 00000000 08:17 801214                     /usr/lib/jvm/java-7-openjdk-amd64/jre/lib/amd64/jli/libjli.so
7fa4fbda1000-7fa4fbfa0000 ---p 0000d000 08:17 801214                     /usr/lib/jvm/java-7-openjdk-amd64/jre/lib/amd64/jli/libjli.so
7fa4fbfa0000-7fa4fbfa1000 r--p 0000c000 08:17 801214                     /usr/lib/jvm/java-7-openjdk-amd64/jre/lib/amd64/jli/libjli.so
7fa4fbfa1000-7fa4fbfa2000 rw-p 0000d000 08:17 801214                     /usr/lib/jvm/java-7-openjdk-amd64/jre/lib/amd64/jli/libjli.so
7fa4fbfa2000-7fa4fbfc5000 r-xp 00000000 08:17 1180008                    /lib/x86_64-linux-gnu/ld-2.17.so
7fa4fbfc5000-7fa4fbfc6000 r--s 00006000 08:17 1197063                    /usr/share/java/plexus-sec-dispatcher.jar
7fa4fbfc6000-7fa4fbfc8000 r--s 00009000 08:17 804495                     /usr/share/maven/lib/maven-plugin-api-3.0.4.jar
7fa4fbfc8000-7fa4fbfcb000 r--s 0001d000 08:17 537165                     /usr/share/maven-repo/org/sonatype/aether/aether-impl/1.13.1/aether-impl-1.13.1.jar
7fa4fbfcb000-7fa4fbfd1000 r--s 0002c000 08:17 1197269                    /usr/share/java/sisu-inject-plexus.jar
7fa4fbfd1000-7fa4fbfdd000 r--s 00082000 08:17 1197250                    /usr/share/java/sisu-guice.jar
7fa4fbfdd000-7fa4fbfdf000 r--s 0000a000 08:17 1196916                    /usr/share/java/plexus-classworlds2-2.4.jar
7fa4fbfdf000-7fa4fbfe3000 r--s 00085000 08:17 801269                     /usr/lib/jvm/java-7-openjdk-common/jre/lib/ext/localedata.jar
7fa4fbfe3000-7fa4fbfee000 rw-p 00000000 00:00 0 
7fa4fbfee000-7fa4fc0a3000 rw-p 00000000 00:00 0 
7fa4fc0a3000-7fa4fc0a6000 ---p 00000000 00:00 0 
7fa4fc0a6000-7fa4fc1a9000 rw-p 00000000 00:00 0                          [stack:14375]
7fa4fc1a9000-7fa4fc1aa000 r--s 00001000 08:17 1188007                    /usr/share/java/wagon-file-2.x.jar
7fa4fc1aa000-7fa4fc1ad000 r--s 0003c000 08:17 801267                     /usr/lib/jvm/java-7-openjdk-common/jre/lib/ext/sunpkcs11.jar
7fa4fc1ad000-7fa4fc1ae000 r--s 00002000 08:17 801273                     /usr/lib/jvm/java-7-openjdk-common/jre/lib/ext/dnsns.jar
7fa4fc1ae000-7fa4fc1b1000 r--s 00032000 08:17 801271                     /usr/lib/jvm/java-7-openjdk-common/jre/lib/ext/sunjce_provider.jar
7fa4fc1b1000-7fa4fc1b4000 r--s 0000f000 08:17 801277                     /usr/lib/jvm/java-7-openjdk-common/jre/lib/ext/pulse-java.jar
7fa4fc1b4000-7fa4fc1b6000 r--s 00006000 08:17 1195462                    /usr/share/java/java-atk-wrapper.jar
7fa4fc1b6000-7fa4fc1b8000 r--s 00012000 08:17 801275                     /usr/lib/jvm/java-7-openjdk-common/jre/lib/ext/zipfs.jar
7fa4fc1b8000-7fa4fc1c0000 rw-s 00000000 08:17 138457                     /tmp/hsperfdata_sbt/14357
7fa4fc1c0000-7fa4fc1c1000 rw-p 00000000 00:00 0 
7fa4fc1c1000-7fa4fc1c2000 r--p 00000000 00:00 0 
7fa4fc1c2000-7fa4fc1c4000 rw-p 00000000 00:00 0 
7fa4fc1c4000-7fa4fc1c5000 r--p 00022000 08:17 1180008                    /lib/x86_64-linux-gnu/ld-2.17.so
7fa4fc1c5000-7fa4fc1c7000 rw-p 00023000 08:17 1180008                    /lib/x86_64-linux-gnu/ld-2.17.so
7fff09259000-7fff0927a000 rw-p 00000000 00:00 0                          [stack]
7fff092bd000-7fff092bf000 r-xp 00000000 00:00 0                          [vdso]
ffffffffff600000-ffffffffff601000 r-xp 00000000 00:00 0                  [vsyscall]

VM Arguments:
jvm_args: -Dclassworlds.conf=/usr/share/maven/bin/m2.conf -Dmaven.home=/usr/share/maven 
java_command: org.codehaus.plexus.classworlds.launcher.Launcher -f m2-pom.xml compile exec:java -Dexec.classpathScope=compile -Dexec.mainClass=projets4.case1.Topology
Launcher Type: SUN_STANDARD

Environment Variables:
JAVA_HOME=/usr/lib/jvm/java-7-openjdk-amd64
PATH=/usr/lib/lightdm/lightdm:/usr/local/sbin:/usr/local/bin:/usr/sbin:/usr/bin:/sbin:/bin:/usr/games:/usr/local/games:/home/sbt/Software/storm-0.8.2/bin:/home/sbt/code/dependencies
SHELL=/bin/bash
DISPLAY=:0

Signal Handlers:
SIGSEGV: [libjvm.so+0x857ed0], sa_mask[0]=0x7ffbfeff, sa_flags=0x10000004
SIGBUS: [libjvm.so+0x857ed0], sa_mask[0]=0x7ffbfeff, sa_flags=0x10000004
SIGFPE: [libjvm.so+0x6f8ab0], sa_mask[0]=0x7ffbfeff, sa_flags=0x10000004
SIGPIPE: [libjvm.so+0x6f8ab0], sa_mask[0]=0x7ffbfeff, sa_flags=0x10000004
SIGXFSZ: [libjvm.so+0x6f8ab0], sa_mask[0]=0x7ffbfeff, sa_flags=0x10000004
SIGILL: [libjvm.so+0x6f8ab0], sa_mask[0]=0x7ffbfeff, sa_flags=0x10000004
SIGUSR1: SIG_DFL, sa_mask[0]=0x00000000, sa_flags=0x00000000
SIGUSR2: [libjvm.so+0x6f8e80], sa_mask[0]=0x00000000, sa_flags=0x10000004
SIGHUP: [libjvm.so+0x6f8fc0], sa_mask[0]=0x7ffbfeff, sa_flags=0x10000004
SIGINT: [libjvm.so+0x6f8fc0], sa_mask[0]=0x7ffbfeff, sa_flags=0x10000004
SIGTERM: [libjvm.so+0x6f8fc0], sa_mask[0]=0x7ffbfeff, sa_flags=0x10000004
SIGQUIT: [libjvm.so+0x6f8fc0], sa_mask[0]=0x7ffbfeff, sa_flags=0x10000004


---------------  S Y S T E M  ---------------

OS:Ubuntu 13.04 (raring)
uname:Linux 3.8.0-19-generic #30-Ubuntu SMP Wed May 1 16:35:23 UTC 2013 x86_64
libc:glibc 2.17 NPTL 2.17 
rlimit: STACK 8192k, CORE 0k, NPROC 30312, NOFILE 4096, AS infinity
load average:0.39 0.28 0.31

/proc/meminfo:
MemTotal:        3898984 kB
MemFree:          275420 kB
Buffers:          142484 kB
Cached:          1614332 kB
SwapCached:            0 kB
Active:          2165880 kB
Inactive:        1221912 kB
Active(anon):    1658840 kB
Inactive(anon):   485624 kB
Active(file):     507040 kB
Inactive(file):   736288 kB
Unevictable:         468 kB
Mlocked:             468 kB
SwapTotal:       2927612 kB
SwapFree:        2927612 kB
Dirty:               244 kB
Writeback:             0 kB
AnonPages:       1631464 kB
Mapped:           272796 kB
Shmem:            513484 kB
Slab:             128856 kB
SReclaimable:      94276 kB
SUnreclaim:        34580 kB
KernelStack:        5672 kB
PageTables:        46376 kB
NFS_Unstable:          0 kB
Bounce:                0 kB
WritebackTmp:          0 kB
CommitLimit:     4877104 kB
Committed_AS:    6241924 kB
VmallocTotal:   34359738367 kB
VmallocUsed:      544592 kB
VmallocChunk:   34359191004 kB
HardwareCorrupted:     0 kB
AnonHugePages:         0 kB
HugePages_Total:       0
HugePages_Free:        0
HugePages_Rsvd:        0
HugePages_Surp:        0
Hugepagesize:       2048 kB
DirectMap4k:       53248 kB
DirectMap2M:     3991552 kB


CPU:total 4 (2 cores per cpu, 2 threads per core) family 6 model 42 stepping 7, cmov, cx8, fxsr, mmx, sse, sse2, sse3, ssse3, sse4.1, sse4.2, popcnt, avx, ht, tsc, tscinvbit

/proc/cpuinfo:
processor	: 0
vendor_id	: GenuineIntel
cpu family	: 6
model		: 42
model name	: Intel(R) Core(TM) i5-2410M CPU @ 2.30GHz
stepping	: 7
microcode	: 0x25
cpu MHz		: 2301.000
cache size	: 3072 KB
physical id	: 0
siblings	: 4
core id		: 0
cpu cores	: 2
apicid		: 0
initial apicid	: 0
fpu		: yes
fpu_exception	: yes
cpuid level	: 13
wp		: yes
flags		: fpu vme de pse tsc msr pae mce cx8 apic sep mtrr pge mca cmov pat pse36 clflush dts acpi mmx fxsr sse sse2 ss ht tm pbe syscall nx rdtscp lm constant_tsc arch_perfmon pebs bts rep_good nopl xtopology nonstop_tsc aperfmperf eagerfpu pni pclmulqdq dtes64 monitor ds_cpl vmx est tm2 ssse3 cx16 xtpr pdcm pcid sse4_1 sse4_2 x2apic popcnt tsc_deadline_timer aes xsave avx lahf_lm ida arat epb xsaveopt pln pts dtherm tpr_shadow vnmi flexpriority ept vpid
bogomips	: 4589.63
clflush size	: 64
cache_alignment	: 64
address sizes	: 36 bits physical, 48 bits virtual
power management:

processor	: 1
vendor_id	: GenuineIntel
cpu family	: 6
model		: 42
model name	: Intel(R) Core(TM) i5-2410M CPU @ 2.30GHz
stepping	: 7
microcode	: 0x25
cpu MHz		: 800.000
cache size	: 3072 KB
physical id	: 0
siblings	: 4
core id		: 0
cpu cores	: 2
apicid		: 1
initial apicid	: 1
fpu		: yes
fpu_exception	: yes
cpuid level	: 13
wp		: yes
flags		: fpu vme de pse tsc msr pae mce cx8 apic sep mtrr pge mca cmov pat pse36 clflush dts acpi mmx fxsr sse sse2 ss ht tm pbe syscall nx rdtscp lm constant_tsc arch_perfmon pebs bts rep_good nopl xtopology nonstop_tsc aperfmperf eagerfpu pni pclmulqdq dtes64 monitor ds_cpl vmx est tm2 ssse3 cx16 xtpr pdcm pcid sse4_1 sse4_2 x2apic popcnt tsc_deadline_timer aes xsave avx lahf_lm ida arat epb xsaveopt pln pts dtherm tpr_shadow vnmi flexpriority ept vpid
bogomips	: 4589.63
clflush size	: 64
cache_alignment	: 64
address sizes	: 36 bits physical, 48 bits virtual
power management:

processor	: 2
vendor_id	: GenuineIntel
cpu family	: 6
model		: 42
model name	: Intel(R) Core(TM) i5-2410M CPU @ 2.30GHz
stepping	: 7
microcode	: 0x25
cpu MHz		: 800.000
cache size	: 3072 KB
physical id	: 0
siblings	: 4
core id		: 1
cpu cores	: 2
apicid		: 2
initial apicid	: 2
fpu		: yes
fpu_exception	: yes
cpuid level	: 13
wp		: yes
flags		: fpu vme de pse tsc msr pae mce cx8 apic sep mtrr pge mca cmov pat pse36 clflush dts acpi mmx fxsr sse sse2 ss ht tm pbe syscall nx rdtscp lm constant_tsc arch_perfmon pebs bts rep_good nopl xtopology nonstop_tsc aperfmperf eagerfpu pni pclmulqdq dtes64 monitor ds_cpl vmx est tm2 ssse3 cx16 xtpr pdcm pcid sse4_1 sse4_2 x2apic popcnt tsc_deadline_timer aes xsave avx lahf_lm ida arat epb xsaveopt pln pts dtherm tpr_shadow vnmi flexpriority ept vpid
bogomips	: 4589.63
clflush size	: 64
cache_alignment	: 64
address sizes	: 36 bits physical, 48 bits virtual
power management:

processor	: 3
vendor_id	: GenuineIntel
cpu family	: 6
model		: 42
model name	: Intel(R) Core(TM) i5-2410M CPU @ 2.30GHz
stepping	: 7
microcode	: 0x25
cpu MHz		: 800.000
cache size	: 3072 KB
physical id	: 0
siblings	: 4
core id		: 1
cpu cores	: 2
apicid		: 3
initial apicid	: 3
fpu		: yes
fpu_exception	: yes
cpuid level	: 13
wp		: yes
flags		: fpu vme de pse tsc msr pae mce cx8 apic sep mtrr pge mca cmov pat pse36 clflush dts acpi mmx fxsr sse sse2 ss ht tm pbe syscall nx rdtscp lm constant_tsc arch_perfmon pebs bts rep_good nopl xtopology nonstop_tsc aperfmperf eagerfpu pni pclmulqdq dtes64 monitor ds_cpl vmx est tm2 ssse3 cx16 xtpr pdcm pcid sse4_1 sse4_2 x2apic popcnt tsc_deadline_timer aes xsave avx lahf_lm ida arat epb xsaveopt pln pts dtherm tpr_shadow vnmi flexpriority ept vpid
bogomips	: 4589.63
clflush size	: 64
cache_alignment	: 64
address sizes	: 36 bits physical, 48 bits virtual
power management:



Memory: 4k page, physical 3898984k(275420k free), swap 2927612k(2927612k free)

vm_info: OpenJDK 64-Bit Server VM (23.7-b01) for linux-amd64 JRE (1.7.0_21-b02), built on Apr 22 2013 07:43:15 by "buildd" with gcc 4.7.3

time: Sun May 12 12:14:45 2013
elapsed time: 14 seconds

